[0.045s] Invoking command in '/home/constantin-sul/Desktop/Work/from-code-to-robot/robotics/Ros/Visualization/build/urdf_tutorial': AMENT_PREFIX_PATH=/home/constantin-sul/Desktop/Work/from-code-to-robot/robotics/Ros/Visualization/install/ur_description:${AMENT_PREFIX_PATH} CMAKE_PREFIX_PATH=/home/constantin-sul/Desktop/Work/from-code-to-robot/robotics/Ros/Visualization/install/ur_description:/home/constantin-sul/ros2_ws/install/upc_mrn:/opt/ros/jazzy/opt/gz_sim_vendor:/opt/ros/jazzy/opt/gz_sensors_vendor:/opt/ros/jazzy/opt/gz_physics_vendor:/opt/ros/jazzy/opt/sdformat_vendor:/opt/ros/jazzy/opt/gz_gui_vendor:/opt/ros/jazzy/opt/gz_transport_vendor:/opt/ros/jazzy/opt/gz_rendering_vendor:/opt/ros/jazzy/opt/gz_plugin_vendor:/opt/ros/jazzy/opt/gz_fuel_tools_vendor:/opt/ros/jazzy/opt/gz_msgs_vendor:/opt/ros/jazzy/opt/gz_common_vendor:/opt/ros/jazzy/opt/gz_math_vendor:/opt/ros/jazzy/opt/gz_utils_vendor:/opt/ros/jazzy/opt/gz_tools_vendor:/opt/ros/jazzy/opt/gz_ogre_next_vendor:/opt/ros/jazzy/opt/gz_dartsim_vendor:/opt/ros/jazzy/opt/gz_cmake_vendor:/opt/ros/jazzy DEBUGINFOD_URLS=https://debuginfod.ubuntu.com /usr/bin/cmake --build /home/constantin-sul/Desktop/Work/from-code-to-robot/robotics/Ros/Visualization/build/urdf_tutorial -- -j12 -l12
[0.192s] Invoked command in '/home/constantin-sul/Desktop/Work/from-code-to-robot/robotics/Ros/Visualization/build/urdf_tutorial' returned '0': AMENT_PREFIX_PATH=/home/constantin-sul/Desktop/Work/from-code-to-robot/robotics/Ros/Visualization/install/ur_description:${AMENT_PREFIX_PATH} CMAKE_PREFIX_PATH=/home/constantin-sul/Desktop/Work/from-code-to-robot/robotics/Ros/Visualization/install/ur_description:/home/constantin-sul/ros2_ws/install/upc_mrn:/opt/ros/jazzy/opt/gz_sim_vendor:/opt/ros/jazzy/opt/gz_sensors_vendor:/opt/ros/jazzy/opt/gz_physics_vendor:/opt/ros/jazzy/opt/sdformat_vendor:/opt/ros/jazzy/opt/gz_gui_vendor:/opt/ros/jazzy/opt/gz_transport_vendor:/opt/ros/jazzy/opt/gz_rendering_vendor:/opt/ros/jazzy/opt/gz_plugin_vendor:/opt/ros/jazzy/opt/gz_fuel_tools_vendor:/opt/ros/jazzy/opt/gz_msgs_vendor:/opt/ros/jazzy/opt/gz_common_vendor:/opt/ros/jazzy/opt/gz_math_vendor:/opt/ros/jazzy/opt/gz_utils_vendor:/opt/ros/jazzy/opt/gz_tools_vendor:/opt/ros/jazzy/opt/gz_ogre_next_vendor:/opt/ros/jazzy/opt/gz_dartsim_vendor:/opt/ros/jazzy/opt/gz_cmake_vendor:/opt/ros/jazzy DEBUGINFOD_URLS=https://debuginfod.ubuntu.com /usr/bin/cmake --build /home/constantin-sul/Desktop/Work/from-code-to-robot/robotics/Ros/Visualization/build/urdf_tutorial -- -j12 -l12
[0.195s] Invoking command in '/home/constantin-sul/Desktop/Work/from-code-to-robot/robotics/Ros/Visualization/build/urdf_tutorial': AMENT_PREFIX_PATH=/home/constantin-sul/Desktop/Work/from-code-to-robot/robotics/Ros/Visualization/install/ur_description:${AMENT_PREFIX_PATH} CMAKE_PREFIX_PATH=/home/constantin-sul/Desktop/Work/from-code-to-robot/robotics/Ros/Visualization/install/ur_description:/home/constantin-sul/ros2_ws/install/upc_mrn:/opt/ros/jazzy/opt/gz_sim_vendor:/opt/ros/jazzy/opt/gz_sensors_vendor:/opt/ros/jazzy/opt/gz_physics_vendor:/opt/ros/jazzy/opt/sdformat_vendor:/opt/ros/jazzy/opt/gz_gui_vendor:/opt/ros/jazzy/opt/gz_transport_vendor:/opt/ros/jazzy/opt/gz_rendering_vendor:/opt/ros/jazzy/opt/gz_plugin_vendor:/opt/ros/jazzy/opt/gz_fuel_tools_vendor:/opt/ros/jazzy/opt/gz_msgs_vendor:/opt/ros/jazzy/opt/gz_common_vendor:/opt/ros/jazzy/opt/gz_math_vendor:/opt/ros/jazzy/opt/gz_utils_vendor:/opt/ros/jazzy/opt/gz_tools_vendor:/opt/ros/jazzy/opt/gz_ogre_next_vendor:/opt/ros/jazzy/opt/gz_dartsim_vendor:/opt/ros/jazzy/opt/gz_cmake_vendor:/opt/ros/jazzy DEBUGINFOD_URLS=https://debuginfod.ubuntu.com /usr/bin/cmake --install /home/constantin-sul/Desktop/Work/from-code-to-robot/robotics/Ros/Visualization/build/urdf_tutorial
[0.217s] -- Install configuration: ""
[0.217s] -- Up-to-date: /home/constantin-sul/Desktop/Work/from-code-to-robot/robotics/Ros/Visualization/install/urdf_tutorial/share/urdf_tutorial/launch
[0.217s] -- Up-to-date: /home/constantin-sul/Desktop/Work/from-code-to-robot/robotics/Ros/Visualization/install/urdf_tutorial/share/urdf_tutorial/launch/ur_visualization.launch.py
[0.219s] -- Installing: /home/constantin-sul/Desktop/Work/from-code-to-robot/robotics/Ros/Visualization/install/urdf_tutorial/share/urdf_tutorial/launch/RvizGui.launch.py
[0.219s] -- Up-to-date: /home/constantin-sul/Desktop/Work/from-code-to-robot/robotics/Ros/Visualization/install/urdf_tutorial/share/urdf_tutorial/launch/pantilt_visualization.launch.py
[0.220s] -- Up-to-date: /home/constantin-sul/Desktop/Work/from-code-to-robot/robotics/Ros/Visualization/install/urdf_tutorial/share/urdf_tutorial/config
[0.221s] -- Up-to-date: /home/constantin-sul/Desktop/Work/from-code-to-robot/robotics/Ros/Visualization/install/urdf_tutorial/share/urdf_tutorial/config/pawn_marker.yaml
[0.222s] -- Up-to-date: /home/constantin-sul/Desktop/Work/from-code-to-robot/robotics/Ros/Visualization/install/urdf_tutorial/share/urdf_tutorial/urdf
[0.223s] -- Up-to-date: /home/constantin-sul/Desktop/Work/from-code-to-robot/robotics/Ros/Visualization/install/urdf_tutorial/share/urdf_tutorial/urdf/pan_tilt.xacro
[0.223s] -- Up-to-date: /home/constantin-sul/Desktop/Work/from-code-to-robot/robotics/Ros/Visualization/install/urdf_tutorial/share/urdf_tutorial/urdf/pan_tilt.urdf
[0.223s] -- Up-to-date: /home/constantin-sul/Desktop/Work/from-code-to-robot/robotics/Ros/Visualization/install/urdf_tutorial/share/urdf_tutorial/rviz
[0.224s] -- Up-to-date: /home/constantin-sul/Desktop/Work/from-code-to-robot/robotics/Ros/Visualization/install/urdf_tutorial/share/urdf_tutorial/rviz/display_urdf.rviz
[0.225s] -- Up-to-date: /home/constantin-sul/Desktop/Work/from-code-to-robot/robotics/Ros/Visualization/install/urdf_tutorial/share/urdf_tutorial/rviz/ur_visualization.rviz
[0.227s] -- Up-to-date: /home/constantin-sul/Desktop/Work/from-code-to-robot/robotics/Ros/Visualization/install/urdf_tutorial/share/ament_index/resource_index/package_run_dependencies/urdf_tutorial
[0.228s] -- Up-to-date: /home/constantin-sul/Desktop/Work/from-code-to-robot/robotics/Ros/Visualization/install/urdf_tutorial/share/ament_index/resource_index/parent_prefix_path/urdf_tutorial
[0.229s] -- Up-to-date: /home/constantin-sul/Desktop/Work/from-code-to-robot/robotics/Ros/Visualization/install/urdf_tutorial/share/urdf_tutorial/environment/ament_prefix_path.sh
[0.229s] -- Up-to-date: /home/constantin-sul/Desktop/Work/from-code-to-robot/robotics/Ros/Visualization/install/urdf_tutorial/share/urdf_tutorial/environment/ament_prefix_path.dsv
[0.230s] -- Up-to-date: /home/constantin-sul/Desktop/Work/from-code-to-robot/robotics/Ros/Visualization/install/urdf_tutorial/share/urdf_tutorial/environment/path.sh
[0.233s] -- Up-to-date: /home/constantin-sul/Desktop/Work/from-code-to-robot/robotics/Ros/Visualization/install/urdf_tutorial/share/urdf_tutorial/environment/path.dsv
[0.235s] -- Up-to-date: /home/constantin-sul/Desktop/Work/from-code-to-robot/robotics/Ros/Visualization/install/urdf_tutorial/share/urdf_tutorial/local_setup.bash
[0.237s] -- Up-to-date: /home/constantin-sul/Desktop/Work/from-code-to-robot/robotics/Ros/Visualization/install/urdf_tutorial/share/urdf_tutorial/local_setup.sh
[0.238s] -- Up-to-date: /home/constantin-sul/Desktop/Work/from-code-to-robot/robotics/Ros/Visualization/install/urdf_tutorial/share/urdf_tutorial/local_setup.zsh
[0.238s] -- Up-to-date: /home/constantin-sul/Desktop/Work/from-code-to-robot/robotics/Ros/Visualization/install/urdf_tutorial/share/urdf_tutorial/local_setup.dsv
[0.242s] -- Installing: /home/constantin-sul/Desktop/Work/from-code-to-robot/robotics/Ros/Visualization/install/urdf_tutorial/share/urdf_tutorial/package.dsv
[0.243s] -- Up-to-date: /home/constantin-sul/Desktop/Work/from-code-to-robot/robotics/Ros/Visualization/install/urdf_tutorial/share/ament_index/resource_index/packages/urdf_tutorial
[0.243s] -- Up-to-date: /home/constantin-sul/Desktop/Work/from-code-to-robot/robotics/Ros/Visualization/install/urdf_tutorial/share/urdf_tutorial/cmake/ament_cmake_export_dependencies-extras.cmake
[0.245s] -- Up-to-date: /home/constantin-sul/Desktop/Work/from-code-to-robot/robotics/Ros/Visualization/install/urdf_tutorial/share/urdf_tutorial/cmake/urdf_tutorialConfig.cmake
[0.247s] -- Up-to-date: /home/constantin-sul/Desktop/Work/from-code-to-robot/robotics/Ros/Visualization/install/urdf_tutorial/share/urdf_tutorial/cmake/urdf_tutorialConfig-version.cmake
[0.250s] -- Up-to-date: /home/constantin-sul/Desktop/Work/from-code-to-robot/robotics/Ros/Visualization/install/urdf_tutorial/share/urdf_tutorial/package.xml
[0.251s] Invoked command in '/home/constantin-sul/Desktop/Work/from-code-to-robot/robotics/Ros/Visualization/build/urdf_tutorial' returned '0': AMENT_PREFIX_PATH=/home/constantin-sul/Desktop/Work/from-code-to-robot/robotics/Ros/Visualization/install/ur_description:${AMENT_PREFIX_PATH} CMAKE_PREFIX_PATH=/home/constantin-sul/Desktop/Work/from-code-to-robot/robotics/Ros/Visualization/install/ur_description:/home/constantin-sul/ros2_ws/install/upc_mrn:/opt/ros/jazzy/opt/gz_sim_vendor:/opt/ros/jazzy/opt/gz_sensors_vendor:/opt/ros/jazzy/opt/gz_physics_vendor:/opt/ros/jazzy/opt/sdformat_vendor:/opt/ros/jazzy/opt/gz_gui_vendor:/opt/ros/jazzy/opt/gz_transport_vendor:/opt/ros/jazzy/opt/gz_rendering_vendor:/opt/ros/jazzy/opt/gz_plugin_vendor:/opt/ros/jazzy/opt/gz_fuel_tools_vendor:/opt/ros/jazzy/opt/gz_msgs_vendor:/opt/ros/jazzy/opt/gz_common_vendor:/opt/ros/jazzy/opt/gz_math_vendor:/opt/ros/jazzy/opt/gz_utils_vendor:/opt/ros/jazzy/opt/gz_tools_vendor:/opt/ros/jazzy/opt/gz_ogre_next_vendor:/opt/ros/jazzy/opt/gz_dartsim_vendor:/opt/ros/jazzy/opt/gz_cmake_vendor:/opt/ros/jazzy DEBUGINFOD_URLS=https://debuginfod.ubuntu.com /usr/bin/cmake --install /home/constantin-sul/Desktop/Work/from-code-to-robot/robotics/Ros/Visualization/build/urdf_tutorial
