[0.037s] Invoking command in '/home/constantin-sul/Desktop/Work/from-code-to-robot/robotics/Ros/Visualization/build/ur_simulation_gazebo': AMENT_PREFIX_PATH=/home/constantin-sul/Desktop/Work/from-code-to-robot/robotics/Ros/Visualization/install/ur_description:${AMENT_PREFIX_PATH} CMAKE_PREFIX_PATH=/home/constantin-sul/Desktop/Work/from-code-to-robot/robotics/Ros/Visualization/install/ur_description:/home/constantin-sul/Desktop/Work/from-code-to-robot/robotics/Ros/RvizCode/install/urdf_tutorial:/home/constantin-sul/ros2_ws/install/upc_mrn:/opt/ros/jazzy/opt/gz_sim_vendor:/opt/ros/jazzy/opt/gz_sensors_vendor:/opt/ros/jazzy/opt/gz_physics_vendor:/opt/ros/jazzy/opt/sdformat_vendor:/opt/ros/jazzy/opt/gz_gui_vendor:/opt/ros/jazzy/opt/gz_transport_vendor:/opt/ros/jazzy/opt/gz_rendering_vendor:/opt/ros/jazzy/opt/gz_plugin_vendor:/opt/ros/jazzy/opt/gz_fuel_tools_vendor:/opt/ros/jazzy/opt/gz_msgs_vendor:/opt/ros/jazzy/opt/gz_common_vendor:/opt/ros/jazzy/opt/gz_math_vendor:/opt/ros/jazzy/opt/gz_utils_vendor:/opt/ros/jazzy/opt/gz_tools_vendor:/opt/ros/jazzy/opt/gz_ogre_next_vendor:/opt/ros/jazzy/opt/gz_dartsim_vendor:/opt/ros/jazzy/opt/gz_cmake_vendor:/opt/ros/jazzy DEBUGINFOD_URLS=https://debuginfod.ubuntu.com /usr/bin/cmake /home/constantin-sul/Desktop/Work/from-code-to-robot/robotics/Ros/Visualization/src/Universal_Robots_ROS2_Gazebo_Simulation/ur_simulation_gazebo -DCMAKE_INSTALL_PREFIX=/home/constantin-sul/Desktop/Work/from-code-to-robot/robotics/Ros/Visualization/install/ur_simulation_gazebo
[0.221s] -- The C compiler identification is GNU 13.3.0
[0.417s] -- The CXX compiler identification is GNU 13.3.0
[0.466s] -- Detecting C compiler ABI info
[0.756s] -- Detecting C compiler ABI info - done
[0.787s] -- Check for working C compiler: /usr/bin/cc - skipped
[0.788s] -- Detecting C compile features
[0.790s] -- Detecting C compile features - done
[0.822s] -- Detecting CXX compiler ABI info
[1.137s] -- Detecting CXX compiler ABI info - done
[1.168s] -- Check for working CXX compiler: /usr/bin/c++ - skipped
[1.169s] -- Detecting CXX compile features
[1.171s] -- Detecting CXX compile features - done
[1.188s] -- Found ament_cmake: 2.5.3 (/opt/ros/jazzy/share/ament_cmake/cmake)
[1.711s] -- Found Python3: /usr/bin/python3 (found version "3.12.3") found components: Interpreter 
[2.008s] -- Found launch_testing_ament_cmake: 3.4.4 (/opt/ros/jazzy/share/launch_testing_ament_cmake/cmake)
[2.015s] -- Found python_cmake_module: 0.11.1 (/opt/ros/jazzy/share/python_cmake_module/cmake)
[2.186s] -- Found PythonExtra: /usr/bin/python3  
[2.200s] -- Found ament_cmake_pytest: 2.5.3 (/opt/ros/jazzy/share/ament_cmake_pytest/cmake)
[2.276s] -- Configuring done (2.2s)
[2.279s] -- Generating done (0.0s)
[2.281s] -- Build files have been written to: /home/constantin-sul/Desktop/Work/from-code-to-robot/robotics/Ros/Visualization/build/ur_simulation_gazebo
[2.286s] Invoked command in '/home/constantin-sul/Desktop/Work/from-code-to-robot/robotics/Ros/Visualization/build/ur_simulation_gazebo' returned '0': AMENT_PREFIX_PATH=/home/constantin-sul/Desktop/Work/from-code-to-robot/robotics/Ros/Visualization/install/ur_description:${AMENT_PREFIX_PATH} CMAKE_PREFIX_PATH=/home/constantin-sul/Desktop/Work/from-code-to-robot/robotics/Ros/Visualization/install/ur_description:/home/constantin-sul/Desktop/Work/from-code-to-robot/robotics/Ros/RvizCode/install/urdf_tutorial:/home/constantin-sul/ros2_ws/install/upc_mrn:/opt/ros/jazzy/opt/gz_sim_vendor:/opt/ros/jazzy/opt/gz_sensors_vendor:/opt/ros/jazzy/opt/gz_physics_vendor:/opt/ros/jazzy/opt/sdformat_vendor:/opt/ros/jazzy/opt/gz_gui_vendor:/opt/ros/jazzy/opt/gz_transport_vendor:/opt/ros/jazzy/opt/gz_rendering_vendor:/opt/ros/jazzy/opt/gz_plugin_vendor:/opt/ros/jazzy/opt/gz_fuel_tools_vendor:/opt/ros/jazzy/opt/gz_msgs_vendor:/opt/ros/jazzy/opt/gz_common_vendor:/opt/ros/jazzy/opt/gz_math_vendor:/opt/ros/jazzy/opt/gz_utils_vendor:/opt/ros/jazzy/opt/gz_tools_vendor:/opt/ros/jazzy/opt/gz_ogre_next_vendor:/opt/ros/jazzy/opt/gz_dartsim_vendor:/opt/ros/jazzy/opt/gz_cmake_vendor:/opt/ros/jazzy DEBUGINFOD_URLS=https://debuginfod.ubuntu.com /usr/bin/cmake /home/constantin-sul/Desktop/Work/from-code-to-robot/robotics/Ros/Visualization/src/Universal_Robots_ROS2_Gazebo_Simulation/ur_simulation_gazebo -DCMAKE_INSTALL_PREFIX=/home/constantin-sul/Desktop/Work/from-code-to-robot/robotics/Ros/Visualization/install/ur_simulation_gazebo
[2.287s] Invoking command in '/home/constantin-sul/Desktop/Work/from-code-to-robot/robotics/Ros/Visualization/build/ur_simulation_gazebo': AMENT_PREFIX_PATH=/home/constantin-sul/Desktop/Work/from-code-to-robot/robotics/Ros/Visualization/install/ur_description:${AMENT_PREFIX_PATH} CMAKE_PREFIX_PATH=/home/constantin-sul/Desktop/Work/from-code-to-robot/robotics/Ros/Visualization/install/ur_description:/home/constantin-sul/Desktop/Work/from-code-to-robot/robotics/Ros/RvizCode/install/urdf_tutorial:/home/constantin-sul/ros2_ws/install/upc_mrn:/opt/ros/jazzy/opt/gz_sim_vendor:/opt/ros/jazzy/opt/gz_sensors_vendor:/opt/ros/jazzy/opt/gz_physics_vendor:/opt/ros/jazzy/opt/sdformat_vendor:/opt/ros/jazzy/opt/gz_gui_vendor:/opt/ros/jazzy/opt/gz_transport_vendor:/opt/ros/jazzy/opt/gz_rendering_vendor:/opt/ros/jazzy/opt/gz_plugin_vendor:/opt/ros/jazzy/opt/gz_fuel_tools_vendor:/opt/ros/jazzy/opt/gz_msgs_vendor:/opt/ros/jazzy/opt/gz_common_vendor:/opt/ros/jazzy/opt/gz_math_vendor:/opt/ros/jazzy/opt/gz_utils_vendor:/opt/ros/jazzy/opt/gz_tools_vendor:/opt/ros/jazzy/opt/gz_ogre_next_vendor:/opt/ros/jazzy/opt/gz_dartsim_vendor:/opt/ros/jazzy/opt/gz_cmake_vendor:/opt/ros/jazzy DEBUGINFOD_URLS=https://debuginfod.ubuntu.com /usr/bin/cmake --build /home/constantin-sul/Desktop/Work/from-code-to-robot/robotics/Ros/Visualization/build/ur_simulation_gazebo -- -j12 -l12
[2.325s] Invoked command in '/home/constantin-sul/Desktop/Work/from-code-to-robot/robotics/Ros/Visualization/build/ur_simulation_gazebo' returned '0': AMENT_PREFIX_PATH=/home/constantin-sul/Desktop/Work/from-code-to-robot/robotics/Ros/Visualization/install/ur_description:${AMENT_PREFIX_PATH} CMAKE_PREFIX_PATH=/home/constantin-sul/Desktop/Work/from-code-to-robot/robotics/Ros/Visualization/install/ur_description:/home/constantin-sul/Desktop/Work/from-code-to-robot/robotics/Ros/RvizCode/install/urdf_tutorial:/home/constantin-sul/ros2_ws/install/upc_mrn:/opt/ros/jazzy/opt/gz_sim_vendor:/opt/ros/jazzy/opt/gz_sensors_vendor:/opt/ros/jazzy/opt/gz_physics_vendor:/opt/ros/jazzy/opt/sdformat_vendor:/opt/ros/jazzy/opt/gz_gui_vendor:/opt/ros/jazzy/opt/gz_transport_vendor:/opt/ros/jazzy/opt/gz_rendering_vendor:/opt/ros/jazzy/opt/gz_plugin_vendor:/opt/ros/jazzy/opt/gz_fuel_tools_vendor:/opt/ros/jazzy/opt/gz_msgs_vendor:/opt/ros/jazzy/opt/gz_common_vendor:/opt/ros/jazzy/opt/gz_math_vendor:/opt/ros/jazzy/opt/gz_utils_vendor:/opt/ros/jazzy/opt/gz_tools_vendor:/opt/ros/jazzy/opt/gz_ogre_next_vendor:/opt/ros/jazzy/opt/gz_dartsim_vendor:/opt/ros/jazzy/opt/gz_cmake_vendor:/opt/ros/jazzy DEBUGINFOD_URLS=https://debuginfod.ubuntu.com /usr/bin/cmake --build /home/constantin-sul/Desktop/Work/from-code-to-robot/robotics/Ros/Visualization/build/ur_simulation_gazebo -- -j12 -l12
[2.326s] Invoking command in '/home/constantin-sul/Desktop/Work/from-code-to-robot/robotics/Ros/Visualization/build/ur_simulation_gazebo': AMENT_PREFIX_PATH=/home/constantin-sul/Desktop/Work/from-code-to-robot/robotics/Ros/Visualization/install/ur_description:${AMENT_PREFIX_PATH} CMAKE_PREFIX_PATH=/home/constantin-sul/Desktop/Work/from-code-to-robot/robotics/Ros/Visualization/install/ur_description:/home/constantin-sul/Desktop/Work/from-code-to-robot/robotics/Ros/RvizCode/install/urdf_tutorial:/home/constantin-sul/ros2_ws/install/upc_mrn:/opt/ros/jazzy/opt/gz_sim_vendor:/opt/ros/jazzy/opt/gz_sensors_vendor:/opt/ros/jazzy/opt/gz_physics_vendor:/opt/ros/jazzy/opt/sdformat_vendor:/opt/ros/jazzy/opt/gz_gui_vendor:/opt/ros/jazzy/opt/gz_transport_vendor:/opt/ros/jazzy/opt/gz_rendering_vendor:/opt/ros/jazzy/opt/gz_plugin_vendor:/opt/ros/jazzy/opt/gz_fuel_tools_vendor:/opt/ros/jazzy/opt/gz_msgs_vendor:/opt/ros/jazzy/opt/gz_common_vendor:/opt/ros/jazzy/opt/gz_math_vendor:/opt/ros/jazzy/opt/gz_utils_vendor:/opt/ros/jazzy/opt/gz_tools_vendor:/opt/ros/jazzy/opt/gz_ogre_next_vendor:/opt/ros/jazzy/opt/gz_dartsim_vendor:/opt/ros/jazzy/opt/gz_cmake_vendor:/opt/ros/jazzy DEBUGINFOD_URLS=https://debuginfod.ubuntu.com /usr/bin/cmake --install /home/constantin-sul/Desktop/Work/from-code-to-robot/robotics/Ros/Visualization/build/ur_simulation_gazebo
[2.334s] -- Install configuration: ""
[2.334s] -- Installing: /home/constantin-sul/Desktop/Work/from-code-to-robot/robotics/Ros/Visualization/install/ur_simulation_gazebo/share/ur_simulation_gazebo/config
[2.334s] -- Installing: /home/constantin-sul/Desktop/Work/from-code-to-robot/robotics/Ros/Visualization/install/ur_simulation_gazebo/share/ur_simulation_gazebo/config/ur_controllers.yaml
[2.334s] -- Installing: /home/constantin-sul/Desktop/Work/from-code-to-robot/robotics/Ros/Visualization/install/ur_simulation_gazebo/share/ur_simulation_gazebo/launch
[2.334s] -- Installing: /home/constantin-sul/Desktop/Work/from-code-to-robot/robotics/Ros/Visualization/install/ur_simulation_gazebo/share/ur_simulation_gazebo/launch/ur_sim_control.launch.py
[2.334s] -- Installing: /home/constantin-sul/Desktop/Work/from-code-to-robot/robotics/Ros/Visualization/install/ur_simulation_gazebo/share/ur_simulation_gazebo/launch/ur_sim_moveit.launch.py
[2.334s] -- Installing: /home/constantin-sul/Desktop/Work/from-code-to-robot/robotics/Ros/Visualization/install/ur_simulation_gazebo/share/ament_index/resource_index/package_run_dependencies/ur_simulation_gazebo
[2.335s] -- Installing: /home/constantin-sul/Desktop/Work/from-code-to-robot/robotics/Ros/Visualization/install/ur_simulation_gazebo/share/ament_index/resource_index/parent_prefix_path/ur_simulation_gazebo
[2.335s] -- Installing: /home/constantin-sul/Desktop/Work/from-code-to-robot/robotics/Ros/Visualization/install/ur_simulation_gazebo/share/ur_simulation_gazebo/environment/ament_prefix_path.sh
[2.335s] -- Installing: /home/constantin-sul/Desktop/Work/from-code-to-robot/robotics/Ros/Visualization/install/ur_simulation_gazebo/share/ur_simulation_gazebo/environment/ament_prefix_path.dsv
[2.335s] -- Installing: /home/constantin-sul/Desktop/Work/from-code-to-robot/robotics/Ros/Visualization/install/ur_simulation_gazebo/share/ur_simulation_gazebo/environment/path.sh
[2.335s] -- Installing: /home/constantin-sul/Desktop/Work/from-code-to-robot/robotics/Ros/Visualization/install/ur_simulation_gazebo/share/ur_simulation_gazebo/environment/path.dsv
[2.335s] -- Installing: /home/constantin-sul/Desktop/Work/from-code-to-robot/robotics/Ros/Visualization/install/ur_simulation_gazebo/share/ur_simulation_gazebo/local_setup.bash
[2.335s] -- Installing: /home/constantin-sul/Desktop/Work/from-code-to-robot/robotics/Ros/Visualization/install/ur_simulation_gazebo/share/ur_simulation_gazebo/local_setup.sh
[2.335s] -- Installing: /home/constantin-sul/Desktop/Work/from-code-to-robot/robotics/Ros/Visualization/install/ur_simulation_gazebo/share/ur_simulation_gazebo/local_setup.zsh
[2.336s] -- Installing: /home/constantin-sul/Desktop/Work/from-code-to-robot/robotics/Ros/Visualization/install/ur_simulation_gazebo/share/ur_simulation_gazebo/local_setup.dsv
[2.336s] -- Installing: /home/constantin-sul/Desktop/Work/from-code-to-robot/robotics/Ros/Visualization/install/ur_simulation_gazebo/share/ur_simulation_gazebo/package.dsv
[2.336s] -- Installing: /home/constantin-sul/Desktop/Work/from-code-to-robot/robotics/Ros/Visualization/install/ur_simulation_gazebo/share/ament_index/resource_index/packages/ur_simulation_gazebo
[2.336s] -- Installing: /home/constantin-sul/Desktop/Work/from-code-to-robot/robotics/Ros/Visualization/install/ur_simulation_gazebo/share/ur_simulation_gazebo/cmake/ur_simulation_gazeboConfig.cmake
[2.336s] -- Installing: /home/constantin-sul/Desktop/Work/from-code-to-robot/robotics/Ros/Visualization/install/ur_simulation_gazebo/share/ur_simulation_gazebo/cmake/ur_simulation_gazeboConfig-version.cmake
[2.336s] -- Installing: /home/constantin-sul/Desktop/Work/from-code-to-robot/robotics/Ros/Visualization/install/ur_simulation_gazebo/share/ur_simulation_gazebo/package.xml
[2.338s] Invoked command in '/home/constantin-sul/Desktop/Work/from-code-to-robot/robotics/Ros/Visualization/build/ur_simulation_gazebo' returned '0': AMENT_PREFIX_PATH=/home/constantin-sul/Desktop/Work/from-code-to-robot/robotics/Ros/Visualization/install/ur_description:${AMENT_PREFIX_PATH} CMAKE_PREFIX_PATH=/home/constantin-sul/Desktop/Work/from-code-to-robot/robotics/Ros/Visualization/install/ur_description:/home/constantin-sul/Desktop/Work/from-code-to-robot/robotics/Ros/RvizCode/install/urdf_tutorial:/home/constantin-sul/ros2_ws/install/upc_mrn:/opt/ros/jazzy/opt/gz_sim_vendor:/opt/ros/jazzy/opt/gz_sensors_vendor:/opt/ros/jazzy/opt/gz_physics_vendor:/opt/ros/jazzy/opt/sdformat_vendor:/opt/ros/jazzy/opt/gz_gui_vendor:/opt/ros/jazzy/opt/gz_transport_vendor:/opt/ros/jazzy/opt/gz_rendering_vendor:/opt/ros/jazzy/opt/gz_plugin_vendor:/opt/ros/jazzy/opt/gz_fuel_tools_vendor:/opt/ros/jazzy/opt/gz_msgs_vendor:/opt/ros/jazzy/opt/gz_common_vendor:/opt/ros/jazzy/opt/gz_math_vendor:/opt/ros/jazzy/opt/gz_utils_vendor:/opt/ros/jazzy/opt/gz_tools_vendor:/opt/ros/jazzy/opt/gz_ogre_next_vendor:/opt/ros/jazzy/opt/gz_dartsim_vendor:/opt/ros/jazzy/opt/gz_cmake_vendor:/opt/ros/jazzy DEBUGINFOD_URLS=https://debuginfod.ubuntu.com /usr/bin/cmake --install /home/constantin-sul/Desktop/Work/from-code-to-robot/robotics/Ros/Visualization/build/ur_simulation_gazebo
