[0.157s] DEBUG:colcon:Command line arguments: ['/usr/bin/colcon', 'build']
[0.157s] DEBUG:colcon:Parsed command line arguments: Namespace(log_base=None, log_level=None, verb_name='build', build_base='build', install_base='install', merge_install=False, symlink_install=False, test_result_base=None, continue_on_error=False, executor='parallel', parallel_workers=12, event_handlers=None, ignore_user_meta=False, metas=['./colcon.meta'], base_paths=['.'], packages_ignore=None, packages_ignore_regex=None, paths=None, packages_up_to=None, packages_up_to_regex=None, packages_above=None, packages_above_and_dependencies=None, packages_above_depth=None, packages_select_by_dep=None, packages_skip_by_dep=None, packages_skip_up_to=None, packages_select_build_failed=False, packages_skip_build_finished=False, packages_select_test_failures=False, packages_skip_test_passed=False, packages_select=None, packages_skip=None, packages_select_regex=None, packages_skip_regex=None, packages_start=None, packages_end=None, allow_overriding=[], cmake_args=None, cmake_target=None, cmake_target_skip_unavailable=False, cmake_clean_cache=False, cmake_clean_first=False, cmake_force_configure=False, ament_cmake_args=None, catkin_cmake_args=None, catkin_skip_building_tests=False, mixin_files=None, mixin=None, verb_parser=<colcon_mixin.mixin.mixin_argument.MixinArgumentDecorator object at 0x73eaea9f3770>, verb_extension=<colcon_core.verb.build.BuildVerb object at 0x73eaeabce4b0>, main=<bound method BuildVerb.main of <colcon_core.verb.build.BuildVerb object at 0x73eaeabce4b0>>, mixin_verb=('build',))
[0.189s] Level 1:colcon.colcon_core.package_discovery:discover_packages(colcon_meta) check parameters
[0.189s] Level 1:colcon.colcon_core.package_discovery:discover_packages(recursive) check parameters
[0.189s] Level 1:colcon.colcon_core.package_discovery:discover_packages(ignore) check parameters
[0.189s] Level 1:colcon.colcon_core.package_discovery:discover_packages(path) check parameters
[0.189s] Level 1:colcon.colcon_core.package_discovery:discover_packages(colcon_meta) discover
[0.189s] Level 1:colcon.colcon_core.package_discovery:discover_packages(recursive) discover
[0.189s] INFO:colcon.colcon_core.package_discovery:Crawling recursively for packages in '/home/constantin-sul/Desktop/Work/from-code-to-robot/robotics/Ros/Visualization'
[0.189s] Level 1:colcon.colcon_core.package_identification:_identify(.) by extensions ['ignore', 'ignore_ament_install']
[0.189s] Level 1:colcon.colcon_core.package_identification:_identify(.) by extension 'ignore'
[0.189s] Level 1:colcon.colcon_core.package_identification:_identify(.) by extension 'ignore_ament_install'
[0.189s] Level 1:colcon.colcon_core.package_identification:_identify(.) by extensions ['colcon_pkg']
[0.189s] Level 1:colcon.colcon_core.package_identification:_identify(.) by extension 'colcon_pkg'
[0.189s] Level 1:colcon.colcon_core.package_identification:_identify(.) by extensions ['colcon_meta']
[0.190s] Level 1:colcon.colcon_core.package_identification:_identify(.) by extension 'colcon_meta'
[0.190s] Level 1:colcon.colcon_core.package_identification:_identify(.) by extensions ['ros']
[0.190s] Level 1:colcon.colcon_core.package_identification:_identify(.) by extension 'ros'
[0.210s] Level 1:colcon.colcon_core.package_identification:_identify(.) by extensions ['cmake', 'python']
[0.210s] Level 1:colcon.colcon_core.package_identification:_identify(.) by extension 'cmake'
[0.210s] Level 1:colcon.colcon_core.package_identification:_identify(.) by extension 'python'
[0.210s] Level 1:colcon.colcon_core.package_identification:_identify(.) by extensions ['python_setup_py']
[0.210s] Level 1:colcon.colcon_core.package_identification:_identify(.) by extension 'python_setup_py'
[0.210s] Level 1:colcon.colcon_core.package_identification:_identify(build) by extensions ['ignore', 'ignore_ament_install']
[0.210s] Level 1:colcon.colcon_core.package_identification:_identify(build) by extension 'ignore'
[0.211s] Level 1:colcon.colcon_core.package_identification:_identify(build) ignored
[0.211s] Level 1:colcon.colcon_core.package_identification:_identify(install) by extensions ['ignore', 'ignore_ament_install']
[0.211s] Level 1:colcon.colcon_core.package_identification:_identify(install) by extension 'ignore'
[0.211s] Level 1:colcon.colcon_core.package_identification:_identify(install) ignored
[0.211s] Level 1:colcon.colcon_core.package_identification:_identify(log) by extensions ['ignore', 'ignore_ament_install']
[0.211s] Level 1:colcon.colcon_core.package_identification:_identify(log) by extension 'ignore'
[0.211s] Level 1:colcon.colcon_core.package_identification:_identify(log) ignored
[0.211s] Level 1:colcon.colcon_core.package_identification:_identify(src) by extensions ['ignore', 'ignore_ament_install']
[0.211s] Level 1:colcon.colcon_core.package_identification:_identify(src) by extension 'ignore'
[0.211s] Level 1:colcon.colcon_core.package_identification:_identify(src) by extension 'ignore_ament_install'
[0.211s] Level 1:colcon.colcon_core.package_identification:_identify(src) by extensions ['colcon_pkg']
[0.211s] Level 1:colcon.colcon_core.package_identification:_identify(src) by extension 'colcon_pkg'
[0.211s] Level 1:colcon.colcon_core.package_identification:_identify(src) by extensions ['colcon_meta']
[0.211s] Level 1:colcon.colcon_core.package_identification:_identify(src) by extension 'colcon_meta'
[0.211s] Level 1:colcon.colcon_core.package_identification:_identify(src) by extensions ['ros']
[0.211s] Level 1:colcon.colcon_core.package_identification:_identify(src) by extension 'ros'
[0.211s] Level 1:colcon.colcon_core.package_identification:_identify(src) by extensions ['cmake', 'python']
[0.211s] Level 1:colcon.colcon_core.package_identification:_identify(src) by extension 'cmake'
[0.211s] Level 1:colcon.colcon_core.package_identification:_identify(src) by extension 'python'
[0.211s] Level 1:colcon.colcon_core.package_identification:_identify(src) by extensions ['python_setup_py']
[0.212s] Level 1:colcon.colcon_core.package_identification:_identify(src) by extension 'python_setup_py'
[0.212s] Level 1:colcon.colcon_core.package_identification:_identify(src/Universal_Robots_ROS2_Description) by extensions ['ignore', 'ignore_ament_install']
[0.212s] Level 1:colcon.colcon_core.package_identification:_identify(src/Universal_Robots_ROS2_Description) by extension 'ignore'
[0.212s] Level 1:colcon.colcon_core.package_identification:_identify(src/Universal_Robots_ROS2_Description) by extension 'ignore_ament_install'
[0.212s] Level 1:colcon.colcon_core.package_identification:_identify(src/Universal_Robots_ROS2_Description) by extensions ['colcon_pkg']
[0.212s] Level 1:colcon.colcon_core.package_identification:_identify(src/Universal_Robots_ROS2_Description) by extension 'colcon_pkg'
[0.212s] Level 1:colcon.colcon_core.package_identification:_identify(src/Universal_Robots_ROS2_Description) by extensions ['colcon_meta']
[0.212s] Level 1:colcon.colcon_core.package_identification:_identify(src/Universal_Robots_ROS2_Description) by extension 'colcon_meta'
[0.212s] Level 1:colcon.colcon_core.package_identification:_identify(src/Universal_Robots_ROS2_Description) by extensions ['ros']
[0.212s] Level 1:colcon.colcon_core.package_identification:_identify(src/Universal_Robots_ROS2_Description) by extension 'ros'
[0.214s] DEBUG:colcon.colcon_core.package_identification:Package 'src/Universal_Robots_ROS2_Description' with type 'ros.ament_cmake' and name 'ur_description'
[0.214s] Level 1:colcon.colcon_core.package_identification:_identify(src/Universal_Robots_ROS2_Gazebo_Simulation) by extensions ['ignore', 'ignore_ament_install']
[0.214s] Level 1:colcon.colcon_core.package_identification:_identify(src/Universal_Robots_ROS2_Gazebo_Simulation) by extension 'ignore'
[0.214s] Level 1:colcon.colcon_core.package_identification:_identify(src/Universal_Robots_ROS2_Gazebo_Simulation) by extension 'ignore_ament_install'
[0.214s] Level 1:colcon.colcon_core.package_identification:_identify(src/Universal_Robots_ROS2_Gazebo_Simulation) by extensions ['colcon_pkg']
[0.214s] Level 1:colcon.colcon_core.package_identification:_identify(src/Universal_Robots_ROS2_Gazebo_Simulation) by extension 'colcon_pkg'
[0.214s] Level 1:colcon.colcon_core.package_identification:_identify(src/Universal_Robots_ROS2_Gazebo_Simulation) by extensions ['colcon_meta']
[0.214s] Level 1:colcon.colcon_core.package_identification:_identify(src/Universal_Robots_ROS2_Gazebo_Simulation) by extension 'colcon_meta'
[0.214s] Level 1:colcon.colcon_core.package_identification:_identify(src/Universal_Robots_ROS2_Gazebo_Simulation) by extensions ['ros']
[0.214s] Level 1:colcon.colcon_core.package_identification:_identify(src/Universal_Robots_ROS2_Gazebo_Simulation) by extension 'ros'
[0.214s] Level 1:colcon.colcon_core.package_identification:_identify(src/Universal_Robots_ROS2_Gazebo_Simulation) by extensions ['cmake', 'python']
[0.215s] Level 1:colcon.colcon_core.package_identification:_identify(src/Universal_Robots_ROS2_Gazebo_Simulation) by extension 'cmake'
[0.215s] Level 1:colcon.colcon_core.package_identification:_identify(src/Universal_Robots_ROS2_Gazebo_Simulation) by extension 'python'
[0.215s] Level 1:colcon.colcon_core.package_identification:_identify(src/Universal_Robots_ROS2_Gazebo_Simulation) by extensions ['python_setup_py']
[0.215s] Level 1:colcon.colcon_core.package_identification:_identify(src/Universal_Robots_ROS2_Gazebo_Simulation) by extension 'python_setup_py'
[0.215s] Level 1:colcon.colcon_core.package_identification:_identify(src/Universal_Robots_ROS2_Gazebo_Simulation/ur_simulation_gazebo) by extensions ['ignore', 'ignore_ament_install']
[0.215s] Level 1:colcon.colcon_core.package_identification:_identify(src/Universal_Robots_ROS2_Gazebo_Simulation/ur_simulation_gazebo) by extension 'ignore'
[0.215s] Level 1:colcon.colcon_core.package_identification:_identify(src/Universal_Robots_ROS2_Gazebo_Simulation/ur_simulation_gazebo) by extension 'ignore_ament_install'
[0.215s] Level 1:colcon.colcon_core.package_identification:_identify(src/Universal_Robots_ROS2_Gazebo_Simulation/ur_simulation_gazebo) by extensions ['colcon_pkg']
[0.215s] Level 1:colcon.colcon_core.package_identification:_identify(src/Universal_Robots_ROS2_Gazebo_Simulation/ur_simulation_gazebo) by extension 'colcon_pkg'
[0.215s] Level 1:colcon.colcon_core.package_identification:_identify(src/Universal_Robots_ROS2_Gazebo_Simulation/ur_simulation_gazebo) by extensions ['colcon_meta']
[0.215s] Level 1:colcon.colcon_core.package_identification:_identify(src/Universal_Robots_ROS2_Gazebo_Simulation/ur_simulation_gazebo) by extension 'colcon_meta'
[0.215s] Level 1:colcon.colcon_core.package_identification:_identify(src/Universal_Robots_ROS2_Gazebo_Simulation/ur_simulation_gazebo) by extensions ['ros']
[0.215s] Level 1:colcon.colcon_core.package_identification:_identify(src/Universal_Robots_ROS2_Gazebo_Simulation/ur_simulation_gazebo) by extension 'ros'
[0.216s] DEBUG:colcon.colcon_core.package_identification:Package 'src/Universal_Robots_ROS2_Gazebo_Simulation/ur_simulation_gazebo' with type 'ros.ament_cmake' and name 'ur_simulation_gazebo'
[0.216s] Level 1:colcon.colcon_core.package_identification:_identify(src/urdf_tutorial) by extensions ['ignore', 'ignore_ament_install']
[0.216s] Level 1:colcon.colcon_core.package_identification:_identify(src/urdf_tutorial) by extension 'ignore'
[0.216s] Level 1:colcon.colcon_core.package_identification:_identify(src/urdf_tutorial) by extension 'ignore_ament_install'
[0.216s] Level 1:colcon.colcon_core.package_identification:_identify(src/urdf_tutorial) by extensions ['colcon_pkg']
[0.216s] Level 1:colcon.colcon_core.package_identification:_identify(src/urdf_tutorial) by extension 'colcon_pkg'
[0.216s] Level 1:colcon.colcon_core.package_identification:_identify(src/urdf_tutorial) by extensions ['colcon_meta']
[0.216s] Level 1:colcon.colcon_core.package_identification:_identify(src/urdf_tutorial) by extension 'colcon_meta'
[0.216s] Level 1:colcon.colcon_core.package_identification:_identify(src/urdf_tutorial) by extensions ['ros']
[0.216s] Level 1:colcon.colcon_core.package_identification:_identify(src/urdf_tutorial) by extension 'ros'
[0.217s] DEBUG:colcon.colcon_core.package_identification:Package 'src/urdf_tutorial' with type 'ros.ament_cmake' and name 'urdf_tutorial'
[0.217s] Level 1:colcon.colcon_core.package_discovery:discover_packages(recursive) using defaults
[0.217s] Level 1:colcon.colcon_core.package_discovery:discover_packages(ignore) discover
[0.217s] Level 1:colcon.colcon_core.package_discovery:discover_packages(ignore) using defaults
[0.217s] Level 1:colcon.colcon_core.package_discovery:discover_packages(path) discover
[0.217s] Level 1:colcon.colcon_core.package_discovery:discover_packages(path) using defaults
[0.231s] Level 1:colcon.colcon_core.package_discovery:discover_packages(prefix_path) check parameters
[0.231s] Level 1:colcon.colcon_core.package_discovery:discover_packages(prefix_path) discover
[0.232s] WARNING:colcon.colcon_core.prefix_path.colcon:The path '/home/constantin-sul/Desktop/Work/from-code-to-robot/robotics/Ros/RvizCode/install' in the environment variable COLCON_PREFIX_PATH doesn't exist
[0.232s] WARNING:colcon.colcon_ros.prefix_path.ament:The path '/home/constantin-sul/Desktop/Work/from-code-to-robot/robotics/Ros/RvizCode/install/urdf_tutorial' in the environment variable AMENT_PREFIX_PATH doesn't exist
[0.232s] WARNING:colcon.colcon_ros.prefix_path.catkin:The path '/home/constantin-sul/Desktop/Work/from-code-to-robot/robotics/Ros/RvizCode/install/urdf_tutorial' in the environment variable CMAKE_PREFIX_PATH doesn't exist
[0.233s] DEBUG:colcon.colcon_installed_package_information.package_discovery:Found 1 installed packages in /home/constantin-sul/ros2_ws/install
[0.235s] DEBUG:colcon.colcon_installed_package_information.package_discovery:Found 476 installed packages in /opt/ros/jazzy
[0.236s] Level 1:colcon.colcon_core.package_discovery:discover_packages(prefix_path) using defaults
[0.303s] Level 5:colcon.colcon_core.verb:set package 'ur_description' build argument 'cmake_args' from command line to 'None'
[0.303s] Level 5:colcon.colcon_core.verb:set package 'ur_description' build argument 'cmake_target' from command line to 'None'
[0.303s] Level 5:colcon.colcon_core.verb:set package 'ur_description' build argument 'cmake_target_skip_unavailable' from command line to 'False'
[0.303s] Level 5:colcon.colcon_core.verb:set package 'ur_description' build argument 'cmake_clean_cache' from command line to 'False'
[0.303s] Level 5:colcon.colcon_core.verb:set package 'ur_description' build argument 'cmake_clean_first' from command line to 'False'
[0.303s] Level 5:colcon.colcon_core.verb:set package 'ur_description' build argument 'cmake_force_configure' from command line to 'False'
[0.303s] Level 5:colcon.colcon_core.verb:set package 'ur_description' build argument 'ament_cmake_args' from command line to 'None'
[0.303s] Level 5:colcon.colcon_core.verb:set package 'ur_description' build argument 'catkin_cmake_args' from command line to 'None'
[0.303s] Level 5:colcon.colcon_core.verb:set package 'ur_description' build argument 'catkin_skip_building_tests' from command line to 'False'
[0.303s] DEBUG:colcon.colcon_core.verb:Building package 'ur_description' with the following arguments: {'ament_cmake_args': None, 'build_base': '/home/constantin-sul/Desktop/Work/from-code-to-robot/robotics/Ros/Visualization/build/ur_description', 'catkin_cmake_args': None, 'catkin_skip_building_tests': False, 'cmake_args': None, 'cmake_clean_cache': False, 'cmake_clean_first': False, 'cmake_force_configure': False, 'cmake_target': None, 'cmake_target_skip_unavailable': False, 'install_base': '/home/constantin-sul/Desktop/Work/from-code-to-robot/robotics/Ros/Visualization/install/ur_description', 'merge_install': False, 'path': '/home/constantin-sul/Desktop/Work/from-code-to-robot/robotics/Ros/Visualization/src/Universal_Robots_ROS2_Description', 'symlink_install': False, 'test_result_base': None}
[0.304s] Level 5:colcon.colcon_core.verb:set package 'ur_simulation_gazebo' build argument 'cmake_args' from command line to 'None'
[0.304s] Level 5:colcon.colcon_core.verb:set package 'ur_simulation_gazebo' build argument 'cmake_target' from command line to 'None'
[0.304s] Level 5:colcon.colcon_core.verb:set package 'ur_simulation_gazebo' build argument 'cmake_target_skip_unavailable' from command line to 'False'
[0.304s] Level 5:colcon.colcon_core.verb:set package 'ur_simulation_gazebo' build argument 'cmake_clean_cache' from command line to 'False'
[0.304s] Level 5:colcon.colcon_core.verb:set package 'ur_simulation_gazebo' build argument 'cmake_clean_first' from command line to 'False'
[0.304s] Level 5:colcon.colcon_core.verb:set package 'ur_simulation_gazebo' build argument 'cmake_force_configure' from command line to 'False'
[0.304s] Level 5:colcon.colcon_core.verb:set package 'ur_simulation_gazebo' build argument 'ament_cmake_args' from command line to 'None'
[0.304s] Level 5:colcon.colcon_core.verb:set package 'ur_simulation_gazebo' build argument 'catkin_cmake_args' from command line to 'None'
[0.304s] Level 5:colcon.colcon_core.verb:set package 'ur_simulation_gazebo' build argument 'catkin_skip_building_tests' from command line to 'False'
[0.304s] DEBUG:colcon.colcon_core.verb:Building package 'ur_simulation_gazebo' with the following arguments: {'ament_cmake_args': None, 'build_base': '/home/constantin-sul/Desktop/Work/from-code-to-robot/robotics/Ros/Visualization/build/ur_simulation_gazebo', 'catkin_cmake_args': None, 'catkin_skip_building_tests': False, 'cmake_args': None, 'cmake_clean_cache': False, 'cmake_clean_first': False, 'cmake_force_configure': False, 'cmake_target': None, 'cmake_target_skip_unavailable': False, 'install_base': '/home/constantin-sul/Desktop/Work/from-code-to-robot/robotics/Ros/Visualization/install/ur_simulation_gazebo', 'merge_install': False, 'path': '/home/constantin-sul/Desktop/Work/from-code-to-robot/robotics/Ros/Visualization/src/Universal_Robots_ROS2_Gazebo_Simulation/ur_simulation_gazebo', 'symlink_install': False, 'test_result_base': None}
[0.304s] Level 5:colcon.colcon_core.verb:set package 'urdf_tutorial' build argument 'cmake_args' from command line to 'None'
[0.304s] Level 5:colcon.colcon_core.verb:set package 'urdf_tutorial' build argument 'cmake_target' from command line to 'None'
[0.304s] Level 5:colcon.colcon_core.verb:set package 'urdf_tutorial' build argument 'cmake_target_skip_unavailable' from command line to 'False'
[0.304s] Level 5:colcon.colcon_core.verb:set package 'urdf_tutorial' build argument 'cmake_clean_cache' from command line to 'False'
[0.304s] Level 5:colcon.colcon_core.verb:set package 'urdf_tutorial' build argument 'cmake_clean_first' from command line to 'False'
[0.304s] Level 5:colcon.colcon_core.verb:set package 'urdf_tutorial' build argument 'cmake_force_configure' from command line to 'False'
[0.304s] Level 5:colcon.colcon_core.verb:set package 'urdf_tutorial' build argument 'ament_cmake_args' from command line to 'None'
[0.304s] Level 5:colcon.colcon_core.verb:set package 'urdf_tutorial' build argument 'catkin_cmake_args' from command line to 'None'
[0.304s] Level 5:colcon.colcon_core.verb:set package 'urdf_tutorial' build argument 'catkin_skip_building_tests' from command line to 'False'
[0.304s] DEBUG:colcon.colcon_core.verb:Building package 'urdf_tutorial' with the following arguments: {'ament_cmake_args': None, 'build_base': '/home/constantin-sul/Desktop/Work/from-code-to-robot/robotics/Ros/Visualization/build/urdf_tutorial', 'catkin_cmake_args': None, 'catkin_skip_building_tests': False, 'cmake_args': None, 'cmake_clean_cache': False, 'cmake_clean_first': False, 'cmake_force_configure': False, 'cmake_target': None, 'cmake_target_skip_unavailable': False, 'install_base': '/home/constantin-sul/Desktop/Work/from-code-to-robot/robotics/Ros/Visualization/install/urdf_tutorial', 'merge_install': False, 'path': '/home/constantin-sul/Desktop/Work/from-code-to-robot/robotics/Ros/Visualization/src/urdf_tutorial', 'symlink_install': False, 'test_result_base': None}
[0.304s] INFO:colcon.colcon_core.executor:Executing jobs using 'parallel' executor
[0.305s] DEBUG:colcon.colcon_parallel_executor.executor.parallel:run_until_complete
[0.305s] INFO:colcon.colcon_ros.task.ament_cmake.build:Building ROS package in '/home/constantin-sul/Desktop/Work/from-code-to-robot/robotics/Ros/Visualization/src/Universal_Robots_ROS2_Description' with build type 'ament_cmake'
[0.305s] INFO:colcon.colcon_cmake.task.cmake.build:Building CMake package in '/home/constantin-sul/Desktop/Work/from-code-to-robot/robotics/Ros/Visualization/src/Universal_Robots_ROS2_Description'
[0.307s] INFO:colcon.colcon_core.plugin_system:Skipping extension 'colcon_core.shell.bat': Not used on non-Windows systems
[0.307s] INFO:colcon.colcon_core.shell:Skip shell extension 'powershell' for command environment: Not usable outside of PowerShell
[0.307s] DEBUG:colcon.colcon_core.shell:Skip shell extension 'dsv' for command environment
[0.315s] DEBUG:colcon.colcon_core.event_handler.log_command:Invoking command in '/home/constantin-sul/Desktop/Work/from-code-to-robot/robotics/Ros/Visualization/build/ur_description': CMAKE_PREFIX_PATH=${CMAKE_PREFIX_PATH}:/opt/ros/jazzy DEBUGINFOD_URLS=https://debuginfod.ubuntu.com /usr/bin/cmake /home/constantin-sul/Desktop/Work/from-code-to-robot/robotics/Ros/Visualization/src/Universal_Robots_ROS2_Description -DCMAKE_INSTALL_PREFIX=/home/constantin-sul/Desktop/Work/from-code-to-robot/robotics/Ros/Visualization/install/ur_description
[3.645s] DEBUG:colcon.colcon_core.event_handler.log_command:Invoked command in '/home/constantin-sul/Desktop/Work/from-code-to-robot/robotics/Ros/Visualization/build/ur_description' returned '0': CMAKE_PREFIX_PATH=${CMAKE_PREFIX_PATH}:/opt/ros/jazzy DEBUGINFOD_URLS=https://debuginfod.ubuntu.com /usr/bin/cmake /home/constantin-sul/Desktop/Work/from-code-to-robot/robotics/Ros/Visualization/src/Universal_Robots_ROS2_Description -DCMAKE_INSTALL_PREFIX=/home/constantin-sul/Desktop/Work/from-code-to-robot/robotics/Ros/Visualization/install/ur_description
[3.647s] DEBUG:colcon.colcon_core.event_handler.log_command:Invoking command in '/home/constantin-sul/Desktop/Work/from-code-to-robot/robotics/Ros/Visualization/build/ur_description': CMAKE_PREFIX_PATH=${CMAKE_PREFIX_PATH}:/opt/ros/jazzy DEBUGINFOD_URLS=https://debuginfod.ubuntu.com /usr/bin/cmake --build /home/constantin-sul/Desktop/Work/from-code-to-robot/robotics/Ros/Visualization/build/ur_description -- -j12 -l12
[3.685s] DEBUG:colcon.colcon_core.event_handler.log_command:Invoked command in '/home/constantin-sul/Desktop/Work/from-code-to-robot/robotics/Ros/Visualization/build/ur_description' returned '0': CMAKE_PREFIX_PATH=${CMAKE_PREFIX_PATH}:/opt/ros/jazzy DEBUGINFOD_URLS=https://debuginfod.ubuntu.com /usr/bin/cmake --build /home/constantin-sul/Desktop/Work/from-code-to-robot/robotics/Ros/Visualization/build/ur_description -- -j12 -l12
[3.697s] DEBUG:colcon.colcon_core.event_handler.log_command:Invoking command in '/home/constantin-sul/Desktop/Work/from-code-to-robot/robotics/Ros/Visualization/build/ur_description': CMAKE_PREFIX_PATH=${CMAKE_PREFIX_PATH}:/opt/ros/jazzy DEBUGINFOD_URLS=https://debuginfod.ubuntu.com /usr/bin/cmake --install /home/constantin-sul/Desktop/Work/from-code-to-robot/robotics/Ros/Visualization/build/ur_description
[3.900s] Level 1:colcon.colcon_core.environment:create_environment_scripts_only(ur_description)
[3.901s] DEBUG:colcon.colcon_core.event_handler.log_command:Invoked command in '/home/constantin-sul/Desktop/Work/from-code-to-robot/robotics/Ros/Visualization/build/ur_description' returned '0': CMAKE_PREFIX_PATH=${CMAKE_PREFIX_PATH}:/opt/ros/jazzy DEBUGINFOD_URLS=https://debuginfod.ubuntu.com /usr/bin/cmake --install /home/constantin-sul/Desktop/Work/from-code-to-robot/robotics/Ros/Visualization/build/ur_description
[3.907s] Level 1:colcon.colcon_core.environment:checking '/home/constantin-sul/Desktop/Work/from-code-to-robot/robotics/Ros/Visualization/install/ur_description' for CMake module files
[3.909s] Level 1:colcon.colcon_core.environment:checking '/home/constantin-sul/Desktop/Work/from-code-to-robot/robotics/Ros/Visualization/install/ur_description' for CMake config files
[3.912s] Level 1:colcon.colcon_core.shell:create_environment_hook('ur_description', 'cmake_prefix_path')
[3.912s] INFO:colcon.colcon_core.shell:Creating environment hook '/home/constantin-sul/Desktop/Work/from-code-to-robot/robotics/Ros/Visualization/install/ur_description/share/ur_description/hook/cmake_prefix_path.ps1'
[3.914s] INFO:colcon.colcon_core.shell:Creating environment descriptor '/home/constantin-sul/Desktop/Work/from-code-to-robot/robotics/Ros/Visualization/install/ur_description/share/ur_description/hook/cmake_prefix_path.dsv'
[3.915s] INFO:colcon.colcon_core.shell:Creating environment hook '/home/constantin-sul/Desktop/Work/from-code-to-robot/robotics/Ros/Visualization/install/ur_description/share/ur_description/hook/cmake_prefix_path.sh'
[3.917s] Level 1:colcon.colcon_core.environment:checking '/home/constantin-sul/Desktop/Work/from-code-to-robot/robotics/Ros/Visualization/install/ur_description/bin'
[3.918s] Level 1:colcon.colcon_core.environment:checking '/home/constantin-sul/Desktop/Work/from-code-to-robot/robotics/Ros/Visualization/install/ur_description/lib/pkgconfig/ur_description.pc'
[3.918s] Level 1:colcon.colcon_core.environment:checking '/home/constantin-sul/Desktop/Work/from-code-to-robot/robotics/Ros/Visualization/install/ur_description/lib/python3.12/site-packages'
[3.919s] Level 1:colcon.colcon_core.environment:checking '/home/constantin-sul/Desktop/Work/from-code-to-robot/robotics/Ros/Visualization/install/ur_description/bin'
[3.920s] INFO:colcon.colcon_core.shell:Creating package script '/home/constantin-sul/Desktop/Work/from-code-to-robot/robotics/Ros/Visualization/install/ur_description/share/ur_description/package.ps1'
[3.921s] INFO:colcon.colcon_core.shell:Creating package descriptor '/home/constantin-sul/Desktop/Work/from-code-to-robot/robotics/Ros/Visualization/install/ur_description/share/ur_description/package.dsv'
[3.923s] INFO:colcon.colcon_core.shell:Creating package script '/home/constantin-sul/Desktop/Work/from-code-to-robot/robotics/Ros/Visualization/install/ur_description/share/ur_description/package.sh'
[3.925s] INFO:colcon.colcon_core.shell:Creating package script '/home/constantin-sul/Desktop/Work/from-code-to-robot/robotics/Ros/Visualization/install/ur_description/share/ur_description/package.bash'
[3.926s] INFO:colcon.colcon_core.shell:Creating package script '/home/constantin-sul/Desktop/Work/from-code-to-robot/robotics/Ros/Visualization/install/ur_description/share/ur_description/package.zsh'
[3.928s] Level 1:colcon.colcon_core.environment:create_file_with_runtime_dependencies(/home/constantin-sul/Desktop/Work/from-code-to-robot/robotics/Ros/Visualization/install/ur_description/share/colcon-core/packages/ur_description)
[3.929s] Level 1:colcon.colcon_core.environment:create_environment_scripts_only(ur_description)
[3.930s] Level 1:colcon.colcon_core.environment:checking '/home/constantin-sul/Desktop/Work/from-code-to-robot/robotics/Ros/Visualization/install/ur_description' for CMake module files
[3.931s] Level 1:colcon.colcon_core.environment:checking '/home/constantin-sul/Desktop/Work/from-code-to-robot/robotics/Ros/Visualization/install/ur_description' for CMake config files
[3.934s] Level 1:colcon.colcon_core.shell:create_environment_hook('ur_description', 'cmake_prefix_path')
[3.934s] INFO:colcon.colcon_core.shell:Creating environment hook '/home/constantin-sul/Desktop/Work/from-code-to-robot/robotics/Ros/Visualization/install/ur_description/share/ur_description/hook/cmake_prefix_path.ps1'
[3.936s] INFO:colcon.colcon_core.shell:Creating environment descriptor '/home/constantin-sul/Desktop/Work/from-code-to-robot/robotics/Ros/Visualization/install/ur_description/share/ur_description/hook/cmake_prefix_path.dsv'
[3.937s] INFO:colcon.colcon_core.shell:Creating environment hook '/home/constantin-sul/Desktop/Work/from-code-to-robot/robotics/Ros/Visualization/install/ur_description/share/ur_description/hook/cmake_prefix_path.sh'
[3.938s] Level 1:colcon.colcon_core.environment:checking '/home/constantin-sul/Desktop/Work/from-code-to-robot/robotics/Ros/Visualization/install/ur_description/bin'
[3.938s] Level 1:colcon.colcon_core.environment:checking '/home/constantin-sul/Desktop/Work/from-code-to-robot/robotics/Ros/Visualization/install/ur_description/lib/pkgconfig/ur_description.pc'
[3.939s] Level 1:colcon.colcon_core.environment:checking '/home/constantin-sul/Desktop/Work/from-code-to-robot/robotics/Ros/Visualization/install/ur_description/lib/python3.12/site-packages'
[3.940s] Level 1:colcon.colcon_core.environment:checking '/home/constantin-sul/Desktop/Work/from-code-to-robot/robotics/Ros/Visualization/install/ur_description/bin'
[3.940s] INFO:colcon.colcon_core.shell:Creating package script '/home/constantin-sul/Desktop/Work/from-code-to-robot/robotics/Ros/Visualization/install/ur_description/share/ur_description/package.ps1'
[3.942s] INFO:colcon.colcon_core.shell:Creating package descriptor '/home/constantin-sul/Desktop/Work/from-code-to-robot/robotics/Ros/Visualization/install/ur_description/share/ur_description/package.dsv'
[3.943s] INFO:colcon.colcon_core.shell:Creating package script '/home/constantin-sul/Desktop/Work/from-code-to-robot/robotics/Ros/Visualization/install/ur_description/share/ur_description/package.sh'
[3.944s] INFO:colcon.colcon_core.shell:Creating package script '/home/constantin-sul/Desktop/Work/from-code-to-robot/robotics/Ros/Visualization/install/ur_description/share/ur_description/package.bash'
[3.946s] INFO:colcon.colcon_core.shell:Creating package script '/home/constantin-sul/Desktop/Work/from-code-to-robot/robotics/Ros/Visualization/install/ur_description/share/ur_description/package.zsh'
[3.947s] Level 1:colcon.colcon_core.environment:create_file_with_runtime_dependencies(/home/constantin-sul/Desktop/Work/from-code-to-robot/robotics/Ros/Visualization/install/ur_description/share/colcon-core/packages/ur_description)
[3.947s] INFO:colcon.colcon_ros.task.ament_cmake.build:Building ROS package in '/home/constantin-sul/Desktop/Work/from-code-to-robot/robotics/Ros/Visualization/src/Universal_Robots_ROS2_Gazebo_Simulation/ur_simulation_gazebo' with build type 'ament_cmake'
[3.948s] INFO:colcon.colcon_cmake.task.cmake.build:Building CMake package in '/home/constantin-sul/Desktop/Work/from-code-to-robot/robotics/Ros/Visualization/src/Universal_Robots_ROS2_Gazebo_Simulation/ur_simulation_gazebo'
[3.948s] INFO:colcon.colcon_core.shell:Skip shell extension 'powershell' for command environment: Not usable outside of PowerShell
[3.948s] DEBUG:colcon.colcon_core.shell:Skip shell extension 'dsv' for command environment
[3.964s] INFO:colcon.colcon_ros.task.ament_cmake.build:Building ROS package in '/home/constantin-sul/Desktop/Work/from-code-to-robot/robotics/Ros/Visualization/src/urdf_tutorial' with build type 'ament_cmake'
[3.965s] INFO:colcon.colcon_cmake.task.cmake.build:Building CMake package in '/home/constantin-sul/Desktop/Work/from-code-to-robot/robotics/Ros/Visualization/src/urdf_tutorial'
[3.965s] INFO:colcon.colcon_core.shell:Skip shell extension 'powershell' for command environment: Not usable outside of PowerShell
[3.965s] DEBUG:colcon.colcon_core.shell:Skip shell extension 'dsv' for command environment
[3.987s] DEBUG:colcon.colcon_core.event_handler.log_command:Invoking command in '/home/constantin-sul/Desktop/Work/from-code-to-robot/robotics/Ros/Visualization/build/ur_simulation_gazebo': AMENT_PREFIX_PATH=/home/constantin-sul/Desktop/Work/from-code-to-robot/robotics/Ros/Visualization/install/ur_description:${AMENT_PREFIX_PATH} CMAKE_PREFIX_PATH=/home/constantin-sul/Desktop/Work/from-code-to-robot/robotics/Ros/Visualization/install/ur_description:/home/constantin-sul/Desktop/Work/from-code-to-robot/robotics/Ros/RvizCode/install/urdf_tutorial:/home/constantin-sul/ros2_ws/install/upc_mrn:/opt/ros/jazzy/opt/gz_sim_vendor:/opt/ros/jazzy/opt/gz_sensors_vendor:/opt/ros/jazzy/opt/gz_physics_vendor:/opt/ros/jazzy/opt/sdformat_vendor:/opt/ros/jazzy/opt/gz_gui_vendor:/opt/ros/jazzy/opt/gz_transport_vendor:/opt/ros/jazzy/opt/gz_rendering_vendor:/opt/ros/jazzy/opt/gz_plugin_vendor:/opt/ros/jazzy/opt/gz_fuel_tools_vendor:/opt/ros/jazzy/opt/gz_msgs_vendor:/opt/ros/jazzy/opt/gz_common_vendor:/opt/ros/jazzy/opt/gz_math_vendor:/opt/ros/jazzy/opt/gz_utils_vendor:/opt/ros/jazzy/opt/gz_tools_vendor:/opt/ros/jazzy/opt/gz_ogre_next_vendor:/opt/ros/jazzy/opt/gz_dartsim_vendor:/opt/ros/jazzy/opt/gz_cmake_vendor:/opt/ros/jazzy DEBUGINFOD_URLS=https://debuginfod.ubuntu.com /usr/bin/cmake /home/constantin-sul/Desktop/Work/from-code-to-robot/robotics/Ros/Visualization/src/Universal_Robots_ROS2_Gazebo_Simulation/ur_simulation_gazebo -DCMAKE_INSTALL_PREFIX=/home/constantin-sul/Desktop/Work/from-code-to-robot/robotics/Ros/Visualization/install/ur_simulation_gazebo
[3.993s] DEBUG:colcon.colcon_core.event_handler.log_command:Invoking command in '/home/constantin-sul/Desktop/Work/from-code-to-robot/robotics/Ros/Visualization/build/urdf_tutorial': AMENT_PREFIX_PATH=/home/constantin-sul/Desktop/Work/from-code-to-robot/robotics/Ros/Visualization/install/ur_description:${AMENT_PREFIX_PATH} CMAKE_PREFIX_PATH=/home/constantin-sul/Desktop/Work/from-code-to-robot/robotics/Ros/Visualization/install/ur_description:/home/constantin-sul/Desktop/Work/from-code-to-robot/robotics/Ros/RvizCode/install/urdf_tutorial:/home/constantin-sul/ros2_ws/install/upc_mrn:/opt/ros/jazzy/opt/gz_sim_vendor:/opt/ros/jazzy/opt/gz_sensors_vendor:/opt/ros/jazzy/opt/gz_physics_vendor:/opt/ros/jazzy/opt/sdformat_vendor:/opt/ros/jazzy/opt/gz_gui_vendor:/opt/ros/jazzy/opt/gz_transport_vendor:/opt/ros/jazzy/opt/gz_rendering_vendor:/opt/ros/jazzy/opt/gz_plugin_vendor:/opt/ros/jazzy/opt/gz_fuel_tools_vendor:/opt/ros/jazzy/opt/gz_msgs_vendor:/opt/ros/jazzy/opt/gz_common_vendor:/opt/ros/jazzy/opt/gz_math_vendor:/opt/ros/jazzy/opt/gz_utils_vendor:/opt/ros/jazzy/opt/gz_tools_vendor:/opt/ros/jazzy/opt/gz_ogre_next_vendor:/opt/ros/jazzy/opt/gz_dartsim_vendor:/opt/ros/jazzy/opt/gz_cmake_vendor:/opt/ros/jazzy DEBUGINFOD_URLS=https://debuginfod.ubuntu.com /usr/bin/cmake /home/constantin-sul/Desktop/Work/from-code-to-robot/robotics/Ros/Visualization/src/urdf_tutorial -DCMAKE_INSTALL_PREFIX=/home/constantin-sul/Desktop/Work/from-code-to-robot/robotics/Ros/Visualization/install/urdf_tutorial
[6.236s] DEBUG:colcon.colcon_core.event_handler.log_command:Invoked command in '/home/constantin-sul/Desktop/Work/from-code-to-robot/robotics/Ros/Visualization/build/ur_simulation_gazebo' returned '0': AMENT_PREFIX_PATH=/home/constantin-sul/Desktop/Work/from-code-to-robot/robotics/Ros/Visualization/install/ur_description:${AMENT_PREFIX_PATH} CMAKE_PREFIX_PATH=/home/constantin-sul/Desktop/Work/from-code-to-robot/robotics/Ros/Visualization/install/ur_description:/home/constantin-sul/Desktop/Work/from-code-to-robot/robotics/Ros/RvizCode/install/urdf_tutorial:/home/constantin-sul/ros2_ws/install/upc_mrn:/opt/ros/jazzy/opt/gz_sim_vendor:/opt/ros/jazzy/opt/gz_sensors_vendor:/opt/ros/jazzy/opt/gz_physics_vendor:/opt/ros/jazzy/opt/sdformat_vendor:/opt/ros/jazzy/opt/gz_gui_vendor:/opt/ros/jazzy/opt/gz_transport_vendor:/opt/ros/jazzy/opt/gz_rendering_vendor:/opt/ros/jazzy/opt/gz_plugin_vendor:/opt/ros/jazzy/opt/gz_fuel_tools_vendor:/opt/ros/jazzy/opt/gz_msgs_vendor:/opt/ros/jazzy/opt/gz_common_vendor:/opt/ros/jazzy/opt/gz_math_vendor:/opt/ros/jazzy/opt/gz_utils_vendor:/opt/ros/jazzy/opt/gz_tools_vendor:/opt/ros/jazzy/opt/gz_ogre_next_vendor:/opt/ros/jazzy/opt/gz_dartsim_vendor:/opt/ros/jazzy/opt/gz_cmake_vendor:/opt/ros/jazzy DEBUGINFOD_URLS=https://debuginfod.ubuntu.com /usr/bin/cmake /home/constantin-sul/Desktop/Work/from-code-to-robot/robotics/Ros/Visualization/src/Universal_Robots_ROS2_Gazebo_Simulation/ur_simulation_gazebo -DCMAKE_INSTALL_PREFIX=/home/constantin-sul/Desktop/Work/from-code-to-robot/robotics/Ros/Visualization/install/ur_simulation_gazebo
[6.237s] DEBUG:colcon.colcon_core.event_handler.log_command:Invoking command in '/home/constantin-sul/Desktop/Work/from-code-to-robot/robotics/Ros/Visualization/build/ur_simulation_gazebo': AMENT_PREFIX_PATH=/home/constantin-sul/Desktop/Work/from-code-to-robot/robotics/Ros/Visualization/install/ur_description:${AMENT_PREFIX_PATH} CMAKE_PREFIX_PATH=/home/constantin-sul/Desktop/Work/from-code-to-robot/robotics/Ros/Visualization/install/ur_description:/home/constantin-sul/Desktop/Work/from-code-to-robot/robotics/Ros/RvizCode/install/urdf_tutorial:/home/constantin-sul/ros2_ws/install/upc_mrn:/opt/ros/jazzy/opt/gz_sim_vendor:/opt/ros/jazzy/opt/gz_sensors_vendor:/opt/ros/jazzy/opt/gz_physics_vendor:/opt/ros/jazzy/opt/sdformat_vendor:/opt/ros/jazzy/opt/gz_gui_vendor:/opt/ros/jazzy/opt/gz_transport_vendor:/opt/ros/jazzy/opt/gz_rendering_vendor:/opt/ros/jazzy/opt/gz_plugin_vendor:/opt/ros/jazzy/opt/gz_fuel_tools_vendor:/opt/ros/jazzy/opt/gz_msgs_vendor:/opt/ros/jazzy/opt/gz_common_vendor:/opt/ros/jazzy/opt/gz_math_vendor:/opt/ros/jazzy/opt/gz_utils_vendor:/opt/ros/jazzy/opt/gz_tools_vendor:/opt/ros/jazzy/opt/gz_ogre_next_vendor:/opt/ros/jazzy/opt/gz_dartsim_vendor:/opt/ros/jazzy/opt/gz_cmake_vendor:/opt/ros/jazzy DEBUGINFOD_URLS=https://debuginfod.ubuntu.com /usr/bin/cmake --build /home/constantin-sul/Desktop/Work/from-code-to-robot/robotics/Ros/Visualization/build/ur_simulation_gazebo -- -j12 -l12
[6.275s] DEBUG:colcon.colcon_core.event_handler.log_command:Invoked command in '/home/constantin-sul/Desktop/Work/from-code-to-robot/robotics/Ros/Visualization/build/ur_simulation_gazebo' returned '0': AMENT_PREFIX_PATH=/home/constantin-sul/Desktop/Work/from-code-to-robot/robotics/Ros/Visualization/install/ur_description:${AMENT_PREFIX_PATH} CMAKE_PREFIX_PATH=/home/constantin-sul/Desktop/Work/from-code-to-robot/robotics/Ros/Visualization/install/ur_description:/home/constantin-sul/Desktop/Work/from-code-to-robot/robotics/Ros/RvizCode/install/urdf_tutorial:/home/constantin-sul/ros2_ws/install/upc_mrn:/opt/ros/jazzy/opt/gz_sim_vendor:/opt/ros/jazzy/opt/gz_sensors_vendor:/opt/ros/jazzy/opt/gz_physics_vendor:/opt/ros/jazzy/opt/sdformat_vendor:/opt/ros/jazzy/opt/gz_gui_vendor:/opt/ros/jazzy/opt/gz_transport_vendor:/opt/ros/jazzy/opt/gz_rendering_vendor:/opt/ros/jazzy/opt/gz_plugin_vendor:/opt/ros/jazzy/opt/gz_fuel_tools_vendor:/opt/ros/jazzy/opt/gz_msgs_vendor:/opt/ros/jazzy/opt/gz_common_vendor:/opt/ros/jazzy/opt/gz_math_vendor:/opt/ros/jazzy/opt/gz_utils_vendor:/opt/ros/jazzy/opt/gz_tools_vendor:/opt/ros/jazzy/opt/gz_ogre_next_vendor:/opt/ros/jazzy/opt/gz_dartsim_vendor:/opt/ros/jazzy/opt/gz_cmake_vendor:/opt/ros/jazzy DEBUGINFOD_URLS=https://debuginfod.ubuntu.com /usr/bin/cmake --build /home/constantin-sul/Desktop/Work/from-code-to-robot/robotics/Ros/Visualization/build/ur_simulation_gazebo -- -j12 -l12
[6.276s] DEBUG:colcon.colcon_core.event_handler.log_command:Invoking command in '/home/constantin-sul/Desktop/Work/from-code-to-robot/robotics/Ros/Visualization/build/ur_simulation_gazebo': AMENT_PREFIX_PATH=/home/constantin-sul/Desktop/Work/from-code-to-robot/robotics/Ros/Visualization/install/ur_description:${AMENT_PREFIX_PATH} CMAKE_PREFIX_PATH=/home/constantin-sul/Desktop/Work/from-code-to-robot/robotics/Ros/Visualization/install/ur_description:/home/constantin-sul/Desktop/Work/from-code-to-robot/robotics/Ros/RvizCode/install/urdf_tutorial:/home/constantin-sul/ros2_ws/install/upc_mrn:/opt/ros/jazzy/opt/gz_sim_vendor:/opt/ros/jazzy/opt/gz_sensors_vendor:/opt/ros/jazzy/opt/gz_physics_vendor:/opt/ros/jazzy/opt/sdformat_vendor:/opt/ros/jazzy/opt/gz_gui_vendor:/opt/ros/jazzy/opt/gz_transport_vendor:/opt/ros/jazzy/opt/gz_rendering_vendor:/opt/ros/jazzy/opt/gz_plugin_vendor:/opt/ros/jazzy/opt/gz_fuel_tools_vendor:/opt/ros/jazzy/opt/gz_msgs_vendor:/opt/ros/jazzy/opt/gz_common_vendor:/opt/ros/jazzy/opt/gz_math_vendor:/opt/ros/jazzy/opt/gz_utils_vendor:/opt/ros/jazzy/opt/gz_tools_vendor:/opt/ros/jazzy/opt/gz_ogre_next_vendor:/opt/ros/jazzy/opt/gz_dartsim_vendor:/opt/ros/jazzy/opt/gz_cmake_vendor:/opt/ros/jazzy DEBUGINFOD_URLS=https://debuginfod.ubuntu.com /usr/bin/cmake --install /home/constantin-sul/Desktop/Work/from-code-to-robot/robotics/Ros/Visualization/build/ur_simulation_gazebo
[6.288s] Level 1:colcon.colcon_core.environment:create_environment_scripts_only(ur_simulation_gazebo)
[6.288s] Level 1:colcon.colcon_core.environment:checking '/home/constantin-sul/Desktop/Work/from-code-to-robot/robotics/Ros/Visualization/install/ur_simulation_gazebo' for CMake module files
[6.288s] DEBUG:colcon.colcon_core.event_handler.log_command:Invoked command in '/home/constantin-sul/Desktop/Work/from-code-to-robot/robotics/Ros/Visualization/build/ur_simulation_gazebo' returned '0': AMENT_PREFIX_PATH=/home/constantin-sul/Desktop/Work/from-code-to-robot/robotics/Ros/Visualization/install/ur_description:${AMENT_PREFIX_PATH} CMAKE_PREFIX_PATH=/home/constantin-sul/Desktop/Work/from-code-to-robot/robotics/Ros/Visualization/install/ur_description:/home/constantin-sul/Desktop/Work/from-code-to-robot/robotics/Ros/RvizCode/install/urdf_tutorial:/home/constantin-sul/ros2_ws/install/upc_mrn:/opt/ros/jazzy/opt/gz_sim_vendor:/opt/ros/jazzy/opt/gz_sensors_vendor:/opt/ros/jazzy/opt/gz_physics_vendor:/opt/ros/jazzy/opt/sdformat_vendor:/opt/ros/jazzy/opt/gz_gui_vendor:/opt/ros/jazzy/opt/gz_transport_vendor:/opt/ros/jazzy/opt/gz_rendering_vendor:/opt/ros/jazzy/opt/gz_plugin_vendor:/opt/ros/jazzy/opt/gz_fuel_tools_vendor:/opt/ros/jazzy/opt/gz_msgs_vendor:/opt/ros/jazzy/opt/gz_common_vendor:/opt/ros/jazzy/opt/gz_math_vendor:/opt/ros/jazzy/opt/gz_utils_vendor:/opt/ros/jazzy/opt/gz_tools_vendor:/opt/ros/jazzy/opt/gz_ogre_next_vendor:/opt/ros/jazzy/opt/gz_dartsim_vendor:/opt/ros/jazzy/opt/gz_cmake_vendor:/opt/ros/jazzy DEBUGINFOD_URLS=https://debuginfod.ubuntu.com /usr/bin/cmake --install /home/constantin-sul/Desktop/Work/from-code-to-robot/robotics/Ros/Visualization/build/ur_simulation_gazebo
[6.289s] Level 1:colcon.colcon_core.environment:checking '/home/constantin-sul/Desktop/Work/from-code-to-robot/robotics/Ros/Visualization/install/ur_simulation_gazebo' for CMake config files
[6.289s] Level 1:colcon.colcon_core.shell:create_environment_hook('ur_simulation_gazebo', 'cmake_prefix_path')
[6.289s] INFO:colcon.colcon_core.shell:Creating environment hook '/home/constantin-sul/Desktop/Work/from-code-to-robot/robotics/Ros/Visualization/install/ur_simulation_gazebo/share/ur_simulation_gazebo/hook/cmake_prefix_path.ps1'
[6.289s] INFO:colcon.colcon_core.shell:Creating environment descriptor '/home/constantin-sul/Desktop/Work/from-code-to-robot/robotics/Ros/Visualization/install/ur_simulation_gazebo/share/ur_simulation_gazebo/hook/cmake_prefix_path.dsv'
[6.290s] INFO:colcon.colcon_core.shell:Creating environment hook '/home/constantin-sul/Desktop/Work/from-code-to-robot/robotics/Ros/Visualization/install/ur_simulation_gazebo/share/ur_simulation_gazebo/hook/cmake_prefix_path.sh'
[6.290s] Level 1:colcon.colcon_core.environment:checking '/home/constantin-sul/Desktop/Work/from-code-to-robot/robotics/Ros/Visualization/install/ur_simulation_gazebo/bin'
[6.290s] Level 1:colcon.colcon_core.environment:checking '/home/constantin-sul/Desktop/Work/from-code-to-robot/robotics/Ros/Visualization/install/ur_simulation_gazebo/lib/pkgconfig/ur_simulation_gazebo.pc'
[6.290s] Level 1:colcon.colcon_core.environment:checking '/home/constantin-sul/Desktop/Work/from-code-to-robot/robotics/Ros/Visualization/install/ur_simulation_gazebo/lib/python3.12/site-packages'
[6.290s] Level 1:colcon.colcon_core.environment:checking '/home/constantin-sul/Desktop/Work/from-code-to-robot/robotics/Ros/Visualization/install/ur_simulation_gazebo/bin'
[6.291s] INFO:colcon.colcon_core.shell:Creating package script '/home/constantin-sul/Desktop/Work/from-code-to-robot/robotics/Ros/Visualization/install/ur_simulation_gazebo/share/ur_simulation_gazebo/package.ps1'
[6.291s] INFO:colcon.colcon_core.shell:Creating package descriptor '/home/constantin-sul/Desktop/Work/from-code-to-robot/robotics/Ros/Visualization/install/ur_simulation_gazebo/share/ur_simulation_gazebo/package.dsv'
[6.291s] INFO:colcon.colcon_core.shell:Creating package script '/home/constantin-sul/Desktop/Work/from-code-to-robot/robotics/Ros/Visualization/install/ur_simulation_gazebo/share/ur_simulation_gazebo/package.sh'
[6.292s] INFO:colcon.colcon_core.shell:Creating package script '/home/constantin-sul/Desktop/Work/from-code-to-robot/robotics/Ros/Visualization/install/ur_simulation_gazebo/share/ur_simulation_gazebo/package.bash'
[6.292s] INFO:colcon.colcon_core.shell:Creating package script '/home/constantin-sul/Desktop/Work/from-code-to-robot/robotics/Ros/Visualization/install/ur_simulation_gazebo/share/ur_simulation_gazebo/package.zsh'
[6.292s] Level 1:colcon.colcon_core.environment:create_file_with_runtime_dependencies(/home/constantin-sul/Desktop/Work/from-code-to-robot/robotics/Ros/Visualization/install/ur_simulation_gazebo/share/colcon-core/packages/ur_simulation_gazebo)
[6.293s] Level 1:colcon.colcon_core.environment:create_environment_scripts_only(ur_simulation_gazebo)
[6.293s] Level 1:colcon.colcon_core.environment:checking '/home/constantin-sul/Desktop/Work/from-code-to-robot/robotics/Ros/Visualization/install/ur_simulation_gazebo' for CMake module files
[6.293s] Level 1:colcon.colcon_core.environment:checking '/home/constantin-sul/Desktop/Work/from-code-to-robot/robotics/Ros/Visualization/install/ur_simulation_gazebo' for CMake config files
[6.293s] Level 1:colcon.colcon_core.shell:create_environment_hook('ur_simulation_gazebo', 'cmake_prefix_path')
[6.293s] INFO:colcon.colcon_core.shell:Creating environment hook '/home/constantin-sul/Desktop/Work/from-code-to-robot/robotics/Ros/Visualization/install/ur_simulation_gazebo/share/ur_simulation_gazebo/hook/cmake_prefix_path.ps1'
[6.294s] INFO:colcon.colcon_core.shell:Creating environment descriptor '/home/constantin-sul/Desktop/Work/from-code-to-robot/robotics/Ros/Visualization/install/ur_simulation_gazebo/share/ur_simulation_gazebo/hook/cmake_prefix_path.dsv'
[6.294s] INFO:colcon.colcon_core.shell:Creating environment hook '/home/constantin-sul/Desktop/Work/from-code-to-robot/robotics/Ros/Visualization/install/ur_simulation_gazebo/share/ur_simulation_gazebo/hook/cmake_prefix_path.sh'
[6.294s] Level 1:colcon.colcon_core.environment:checking '/home/constantin-sul/Desktop/Work/from-code-to-robot/robotics/Ros/Visualization/install/ur_simulation_gazebo/bin'
[6.295s] Level 1:colcon.colcon_core.environment:checking '/home/constantin-sul/Desktop/Work/from-code-to-robot/robotics/Ros/Visualization/install/ur_simulation_gazebo/lib/pkgconfig/ur_simulation_gazebo.pc'
[6.295s] Level 1:colcon.colcon_core.environment:checking '/home/constantin-sul/Desktop/Work/from-code-to-robot/robotics/Ros/Visualization/install/ur_simulation_gazebo/lib/python3.12/site-packages'
[6.295s] Level 1:colcon.colcon_core.environment:checking '/home/constantin-sul/Desktop/Work/from-code-to-robot/robotics/Ros/Visualization/install/ur_simulation_gazebo/bin'
[6.295s] INFO:colcon.colcon_core.shell:Creating package script '/home/constantin-sul/Desktop/Work/from-code-to-robot/robotics/Ros/Visualization/install/ur_simulation_gazebo/share/ur_simulation_gazebo/package.ps1'
[6.295s] INFO:colcon.colcon_core.shell:Creating package descriptor '/home/constantin-sul/Desktop/Work/from-code-to-robot/robotics/Ros/Visualization/install/ur_simulation_gazebo/share/ur_simulation_gazebo/package.dsv'
[6.296s] INFO:colcon.colcon_core.shell:Creating package script '/home/constantin-sul/Desktop/Work/from-code-to-robot/robotics/Ros/Visualization/install/ur_simulation_gazebo/share/ur_simulation_gazebo/package.sh'
[6.296s] INFO:colcon.colcon_core.shell:Creating package script '/home/constantin-sul/Desktop/Work/from-code-to-robot/robotics/Ros/Visualization/install/ur_simulation_gazebo/share/ur_simulation_gazebo/package.bash'
[6.297s] INFO:colcon.colcon_core.shell:Creating package script '/home/constantin-sul/Desktop/Work/from-code-to-robot/robotics/Ros/Visualization/install/ur_simulation_gazebo/share/ur_simulation_gazebo/package.zsh'
[6.297s] Level 1:colcon.colcon_core.environment:create_file_with_runtime_dependencies(/home/constantin-sul/Desktop/Work/from-code-to-robot/robotics/Ros/Visualization/install/ur_simulation_gazebo/share/colcon-core/packages/ur_simulation_gazebo)
[6.881s] DEBUG:colcon.colcon_core.event_handler.log_command:Invoked command in '/home/constantin-sul/Desktop/Work/from-code-to-robot/robotics/Ros/Visualization/build/urdf_tutorial' returned '0': AMENT_PREFIX_PATH=/home/constantin-sul/Desktop/Work/from-code-to-robot/robotics/Ros/Visualization/install/ur_description:${AMENT_PREFIX_PATH} CMAKE_PREFIX_PATH=/home/constantin-sul/Desktop/Work/from-code-to-robot/robotics/Ros/Visualization/install/ur_description:/home/constantin-sul/Desktop/Work/from-code-to-robot/robotics/Ros/RvizCode/install/urdf_tutorial:/home/constantin-sul/ros2_ws/install/upc_mrn:/opt/ros/jazzy/opt/gz_sim_vendor:/opt/ros/jazzy/opt/gz_sensors_vendor:/opt/ros/jazzy/opt/gz_physics_vendor:/opt/ros/jazzy/opt/sdformat_vendor:/opt/ros/jazzy/opt/gz_gui_vendor:/opt/ros/jazzy/opt/gz_transport_vendor:/opt/ros/jazzy/opt/gz_rendering_vendor:/opt/ros/jazzy/opt/gz_plugin_vendor:/opt/ros/jazzy/opt/gz_fuel_tools_vendor:/opt/ros/jazzy/opt/gz_msgs_vendor:/opt/ros/jazzy/opt/gz_common_vendor:/opt/ros/jazzy/opt/gz_math_vendor:/opt/ros/jazzy/opt/gz_utils_vendor:/opt/ros/jazzy/opt/gz_tools_vendor:/opt/ros/jazzy/opt/gz_ogre_next_vendor:/opt/ros/jazzy/opt/gz_dartsim_vendor:/opt/ros/jazzy/opt/gz_cmake_vendor:/opt/ros/jazzy DEBUGINFOD_URLS=https://debuginfod.ubuntu.com /usr/bin/cmake /home/constantin-sul/Desktop/Work/from-code-to-robot/robotics/Ros/Visualization/src/urdf_tutorial -DCMAKE_INSTALL_PREFIX=/home/constantin-sul/Desktop/Work/from-code-to-robot/robotics/Ros/Visualization/install/urdf_tutorial
[6.883s] DEBUG:colcon.colcon_core.event_handler.log_command:Invoking command in '/home/constantin-sul/Desktop/Work/from-code-to-robot/robotics/Ros/Visualization/build/urdf_tutorial': AMENT_PREFIX_PATH=/home/constantin-sul/Desktop/Work/from-code-to-robot/robotics/Ros/Visualization/install/ur_description:${AMENT_PREFIX_PATH} CMAKE_PREFIX_PATH=/home/constantin-sul/Desktop/Work/from-code-to-robot/robotics/Ros/Visualization/install/ur_description:/home/constantin-sul/Desktop/Work/from-code-to-robot/robotics/Ros/RvizCode/install/urdf_tutorial:/home/constantin-sul/ros2_ws/install/upc_mrn:/opt/ros/jazzy/opt/gz_sim_vendor:/opt/ros/jazzy/opt/gz_sensors_vendor:/opt/ros/jazzy/opt/gz_physics_vendor:/opt/ros/jazzy/opt/sdformat_vendor:/opt/ros/jazzy/opt/gz_gui_vendor:/opt/ros/jazzy/opt/gz_transport_vendor:/opt/ros/jazzy/opt/gz_rendering_vendor:/opt/ros/jazzy/opt/gz_plugin_vendor:/opt/ros/jazzy/opt/gz_fuel_tools_vendor:/opt/ros/jazzy/opt/gz_msgs_vendor:/opt/ros/jazzy/opt/gz_common_vendor:/opt/ros/jazzy/opt/gz_math_vendor:/opt/ros/jazzy/opt/gz_utils_vendor:/opt/ros/jazzy/opt/gz_tools_vendor:/opt/ros/jazzy/opt/gz_ogre_next_vendor:/opt/ros/jazzy/opt/gz_dartsim_vendor:/opt/ros/jazzy/opt/gz_cmake_vendor:/opt/ros/jazzy DEBUGINFOD_URLS=https://debuginfod.ubuntu.com /usr/bin/cmake --build /home/constantin-sul/Desktop/Work/from-code-to-robot/robotics/Ros/Visualization/build/urdf_tutorial -- -j12 -l12
[6.999s] DEBUG:colcon.colcon_core.event_handler.log_command:Invoked command in '/home/constantin-sul/Desktop/Work/from-code-to-robot/robotics/Ros/Visualization/build/urdf_tutorial' returned '0': AMENT_PREFIX_PATH=/home/constantin-sul/Desktop/Work/from-code-to-robot/robotics/Ros/Visualization/install/ur_description:${AMENT_PREFIX_PATH} CMAKE_PREFIX_PATH=/home/constantin-sul/Desktop/Work/from-code-to-robot/robotics/Ros/Visualization/install/ur_description:/home/constantin-sul/Desktop/Work/from-code-to-robot/robotics/Ros/RvizCode/install/urdf_tutorial:/home/constantin-sul/ros2_ws/install/upc_mrn:/opt/ros/jazzy/opt/gz_sim_vendor:/opt/ros/jazzy/opt/gz_sensors_vendor:/opt/ros/jazzy/opt/gz_physics_vendor:/opt/ros/jazzy/opt/sdformat_vendor:/opt/ros/jazzy/opt/gz_gui_vendor:/opt/ros/jazzy/opt/gz_transport_vendor:/opt/ros/jazzy/opt/gz_rendering_vendor:/opt/ros/jazzy/opt/gz_plugin_vendor:/opt/ros/jazzy/opt/gz_fuel_tools_vendor:/opt/ros/jazzy/opt/gz_msgs_vendor:/opt/ros/jazzy/opt/gz_common_vendor:/opt/ros/jazzy/opt/gz_math_vendor:/opt/ros/jazzy/opt/gz_utils_vendor:/opt/ros/jazzy/opt/gz_tools_vendor:/opt/ros/jazzy/opt/gz_ogre_next_vendor:/opt/ros/jazzy/opt/gz_dartsim_vendor:/opt/ros/jazzy/opt/gz_cmake_vendor:/opt/ros/jazzy DEBUGINFOD_URLS=https://debuginfod.ubuntu.com /usr/bin/cmake --build /home/constantin-sul/Desktop/Work/from-code-to-robot/robotics/Ros/Visualization/build/urdf_tutorial -- -j12 -l12
[7.002s] DEBUG:colcon.colcon_core.event_handler.log_command:Invoking command in '/home/constantin-sul/Desktop/Work/from-code-to-robot/robotics/Ros/Visualization/build/urdf_tutorial': AMENT_PREFIX_PATH=/home/constantin-sul/Desktop/Work/from-code-to-robot/robotics/Ros/Visualization/install/ur_description:${AMENT_PREFIX_PATH} CMAKE_PREFIX_PATH=/home/constantin-sul/Desktop/Work/from-code-to-robot/robotics/Ros/Visualization/install/ur_description:/home/constantin-sul/Desktop/Work/from-code-to-robot/robotics/Ros/RvizCode/install/urdf_tutorial:/home/constantin-sul/ros2_ws/install/upc_mrn:/opt/ros/jazzy/opt/gz_sim_vendor:/opt/ros/jazzy/opt/gz_sensors_vendor:/opt/ros/jazzy/opt/gz_physics_vendor:/opt/ros/jazzy/opt/sdformat_vendor:/opt/ros/jazzy/opt/gz_gui_vendor:/opt/ros/jazzy/opt/gz_transport_vendor:/opt/ros/jazzy/opt/gz_rendering_vendor:/opt/ros/jazzy/opt/gz_plugin_vendor:/opt/ros/jazzy/opt/gz_fuel_tools_vendor:/opt/ros/jazzy/opt/gz_msgs_vendor:/opt/ros/jazzy/opt/gz_common_vendor:/opt/ros/jazzy/opt/gz_math_vendor:/opt/ros/jazzy/opt/gz_utils_vendor:/opt/ros/jazzy/opt/gz_tools_vendor:/opt/ros/jazzy/opt/gz_ogre_next_vendor:/opt/ros/jazzy/opt/gz_dartsim_vendor:/opt/ros/jazzy/opt/gz_cmake_vendor:/opt/ros/jazzy DEBUGINFOD_URLS=https://debuginfod.ubuntu.com /usr/bin/cmake --install /home/constantin-sul/Desktop/Work/from-code-to-robot/robotics/Ros/Visualization/build/urdf_tutorial
[7.039s] Level 1:colcon.colcon_core.environment:create_environment_scripts_only(urdf_tutorial)
[7.040s] Level 1:colcon.colcon_core.environment:checking '/home/constantin-sul/Desktop/Work/from-code-to-robot/robotics/Ros/Visualization/install/urdf_tutorial' for CMake module files
[7.041s] DEBUG:colcon.colcon_core.event_handler.log_command:Invoked command in '/home/constantin-sul/Desktop/Work/from-code-to-robot/robotics/Ros/Visualization/build/urdf_tutorial' returned '0': AMENT_PREFIX_PATH=/home/constantin-sul/Desktop/Work/from-code-to-robot/robotics/Ros/Visualization/install/ur_description:${AMENT_PREFIX_PATH} CMAKE_PREFIX_PATH=/home/constantin-sul/Desktop/Work/from-code-to-robot/robotics/Ros/Visualization/install/ur_description:/home/constantin-sul/Desktop/Work/from-code-to-robot/robotics/Ros/RvizCode/install/urdf_tutorial:/home/constantin-sul/ros2_ws/install/upc_mrn:/opt/ros/jazzy/opt/gz_sim_vendor:/opt/ros/jazzy/opt/gz_sensors_vendor:/opt/ros/jazzy/opt/gz_physics_vendor:/opt/ros/jazzy/opt/sdformat_vendor:/opt/ros/jazzy/opt/gz_gui_vendor:/opt/ros/jazzy/opt/gz_transport_vendor:/opt/ros/jazzy/opt/gz_rendering_vendor:/opt/ros/jazzy/opt/gz_plugin_vendor:/opt/ros/jazzy/opt/gz_fuel_tools_vendor:/opt/ros/jazzy/opt/gz_msgs_vendor:/opt/ros/jazzy/opt/gz_common_vendor:/opt/ros/jazzy/opt/gz_math_vendor:/opt/ros/jazzy/opt/gz_utils_vendor:/opt/ros/jazzy/opt/gz_tools_vendor:/opt/ros/jazzy/opt/gz_ogre_next_vendor:/opt/ros/jazzy/opt/gz_dartsim_vendor:/opt/ros/jazzy/opt/gz_cmake_vendor:/opt/ros/jazzy DEBUGINFOD_URLS=https://debuginfod.ubuntu.com /usr/bin/cmake --install /home/constantin-sul/Desktop/Work/from-code-to-robot/robotics/Ros/Visualization/build/urdf_tutorial
[7.043s] Level 1:colcon.colcon_core.environment:checking '/home/constantin-sul/Desktop/Work/from-code-to-robot/robotics/Ros/Visualization/install/urdf_tutorial' for CMake config files
[7.043s] Level 1:colcon.colcon_core.shell:create_environment_hook('urdf_tutorial', 'cmake_prefix_path')
[7.044s] INFO:colcon.colcon_core.shell:Creating environment hook '/home/constantin-sul/Desktop/Work/from-code-to-robot/robotics/Ros/Visualization/install/urdf_tutorial/share/urdf_tutorial/hook/cmake_prefix_path.ps1'
[7.045s] INFO:colcon.colcon_core.shell:Creating environment descriptor '/home/constantin-sul/Desktop/Work/from-code-to-robot/robotics/Ros/Visualization/install/urdf_tutorial/share/urdf_tutorial/hook/cmake_prefix_path.dsv'
[7.046s] INFO:colcon.colcon_core.shell:Creating environment hook '/home/constantin-sul/Desktop/Work/from-code-to-robot/robotics/Ros/Visualization/install/urdf_tutorial/share/urdf_tutorial/hook/cmake_prefix_path.sh'
[7.047s] Level 1:colcon.colcon_core.environment:checking '/home/constantin-sul/Desktop/Work/from-code-to-robot/robotics/Ros/Visualization/install/urdf_tutorial/bin'
[7.047s] Level 1:colcon.colcon_core.environment:checking '/home/constantin-sul/Desktop/Work/from-code-to-robot/robotics/Ros/Visualization/install/urdf_tutorial/lib/pkgconfig/urdf_tutorial.pc'
[7.048s] Level 1:colcon.colcon_core.environment:checking '/home/constantin-sul/Desktop/Work/from-code-to-robot/robotics/Ros/Visualization/install/urdf_tutorial/lib/python3.12/site-packages'
[7.049s] Level 1:colcon.colcon_core.environment:checking '/home/constantin-sul/Desktop/Work/from-code-to-robot/robotics/Ros/Visualization/install/urdf_tutorial/bin'
[7.049s] INFO:colcon.colcon_core.shell:Creating package script '/home/constantin-sul/Desktop/Work/from-code-to-robot/robotics/Ros/Visualization/install/urdf_tutorial/share/urdf_tutorial/package.ps1'
[7.050s] INFO:colcon.colcon_core.shell:Creating package descriptor '/home/constantin-sul/Desktop/Work/from-code-to-robot/robotics/Ros/Visualization/install/urdf_tutorial/share/urdf_tutorial/package.dsv'
[7.051s] INFO:colcon.colcon_core.shell:Creating package script '/home/constantin-sul/Desktop/Work/from-code-to-robot/robotics/Ros/Visualization/install/urdf_tutorial/share/urdf_tutorial/package.sh'
[7.052s] INFO:colcon.colcon_core.shell:Creating package script '/home/constantin-sul/Desktop/Work/from-code-to-robot/robotics/Ros/Visualization/install/urdf_tutorial/share/urdf_tutorial/package.bash'
[7.053s] INFO:colcon.colcon_core.shell:Creating package script '/home/constantin-sul/Desktop/Work/from-code-to-robot/robotics/Ros/Visualization/install/urdf_tutorial/share/urdf_tutorial/package.zsh'
[7.054s] Level 1:colcon.colcon_core.environment:create_file_with_runtime_dependencies(/home/constantin-sul/Desktop/Work/from-code-to-robot/robotics/Ros/Visualization/install/urdf_tutorial/share/colcon-core/packages/urdf_tutorial)
[7.055s] Level 1:colcon.colcon_core.environment:create_environment_scripts_only(urdf_tutorial)
[7.056s] Level 1:colcon.colcon_core.environment:checking '/home/constantin-sul/Desktop/Work/from-code-to-robot/robotics/Ros/Visualization/install/urdf_tutorial' for CMake module files
[7.057s] Level 1:colcon.colcon_core.environment:checking '/home/constantin-sul/Desktop/Work/from-code-to-robot/robotics/Ros/Visualization/install/urdf_tutorial' for CMake config files
[7.058s] Level 1:colcon.colcon_core.shell:create_environment_hook('urdf_tutorial', 'cmake_prefix_path')
[7.058s] INFO:colcon.colcon_core.shell:Creating environment hook '/home/constantin-sul/Desktop/Work/from-code-to-robot/robotics/Ros/Visualization/install/urdf_tutorial/share/urdf_tutorial/hook/cmake_prefix_path.ps1'
[7.059s] INFO:colcon.colcon_core.shell:Creating environment descriptor '/home/constantin-sul/Desktop/Work/from-code-to-robot/robotics/Ros/Visualization/install/urdf_tutorial/share/urdf_tutorial/hook/cmake_prefix_path.dsv'
[7.060s] INFO:colcon.colcon_core.shell:Creating environment hook '/home/constantin-sul/Desktop/Work/from-code-to-robot/robotics/Ros/Visualization/install/urdf_tutorial/share/urdf_tutorial/hook/cmake_prefix_path.sh'
[7.062s] Level 1:colcon.colcon_core.environment:checking '/home/constantin-sul/Desktop/Work/from-code-to-robot/robotics/Ros/Visualization/install/urdf_tutorial/bin'
[7.062s] Level 1:colcon.colcon_core.environment:checking '/home/constantin-sul/Desktop/Work/from-code-to-robot/robotics/Ros/Visualization/install/urdf_tutorial/lib/pkgconfig/urdf_tutorial.pc'
[7.062s] Level 1:colcon.colcon_core.environment:checking '/home/constantin-sul/Desktop/Work/from-code-to-robot/robotics/Ros/Visualization/install/urdf_tutorial/lib/python3.12/site-packages'
[7.063s] Level 1:colcon.colcon_core.environment:checking '/home/constantin-sul/Desktop/Work/from-code-to-robot/robotics/Ros/Visualization/install/urdf_tutorial/bin'
[7.064s] INFO:colcon.colcon_core.shell:Creating package script '/home/constantin-sul/Desktop/Work/from-code-to-robot/robotics/Ros/Visualization/install/urdf_tutorial/share/urdf_tutorial/package.ps1'
[7.065s] INFO:colcon.colcon_core.shell:Creating package descriptor '/home/constantin-sul/Desktop/Work/from-code-to-robot/robotics/Ros/Visualization/install/urdf_tutorial/share/urdf_tutorial/package.dsv'
[7.066s] INFO:colcon.colcon_core.shell:Creating package script '/home/constantin-sul/Desktop/Work/from-code-to-robot/robotics/Ros/Visualization/install/urdf_tutorial/share/urdf_tutorial/package.sh'
[7.067s] INFO:colcon.colcon_core.shell:Creating package script '/home/constantin-sul/Desktop/Work/from-code-to-robot/robotics/Ros/Visualization/install/urdf_tutorial/share/urdf_tutorial/package.bash'
[7.069s] INFO:colcon.colcon_core.shell:Creating package script '/home/constantin-sul/Desktop/Work/from-code-to-robot/robotics/Ros/Visualization/install/urdf_tutorial/share/urdf_tutorial/package.zsh'
[7.070s] Level 1:colcon.colcon_core.environment:create_file_with_runtime_dependencies(/home/constantin-sul/Desktop/Work/from-code-to-robot/robotics/Ros/Visualization/install/urdf_tutorial/share/colcon-core/packages/urdf_tutorial)
[7.070s] DEBUG:colcon.colcon_parallel_executor.executor.parallel:closing loop
[7.071s] DEBUG:colcon.colcon_parallel_executor.executor.parallel:loop closed
[7.071s] DEBUG:colcon.colcon_parallel_executor.executor.parallel:run_until_complete finished with '0'
[7.071s] DEBUG:colcon.colcon_core.event_reactor:joining thread
[7.087s] INFO:colcon.colcon_core.plugin_system:Skipping extension 'colcon_notification.desktop_notification.terminal_notifier': Not used on non-Darwin systems
[7.087s] INFO:colcon.colcon_core.plugin_system:Skipping extension 'colcon_notification.desktop_notification.win32': Not used on non-Windows systems
[7.087s] INFO:colcon.colcon_notification.desktop_notification:Sending desktop notification using 'notify2'
[7.124s] DEBUG:colcon.colcon_core.event_reactor:joined thread
[7.125s] INFO:colcon.colcon_core.shell:Creating prefix script '/home/constantin-sul/Desktop/Work/from-code-to-robot/robotics/Ros/Visualization/install/local_setup.ps1'
[7.127s] INFO:colcon.colcon_core.shell:Creating prefix util module '/home/constantin-sul/Desktop/Work/from-code-to-robot/robotics/Ros/Visualization/install/_local_setup_util_ps1.py'
[7.129s] INFO:colcon.colcon_core.shell:Creating prefix chain script '/home/constantin-sul/Desktop/Work/from-code-to-robot/robotics/Ros/Visualization/install/setup.ps1'
[7.132s] INFO:colcon.colcon_core.shell:Creating prefix script '/home/constantin-sul/Desktop/Work/from-code-to-robot/robotics/Ros/Visualization/install/local_setup.sh'
[7.134s] INFO:colcon.colcon_core.shell:Creating prefix util module '/home/constantin-sul/Desktop/Work/from-code-to-robot/robotics/Ros/Visualization/install/_local_setup_util_sh.py'
[7.135s] INFO:colcon.colcon_core.shell:Creating prefix chain script '/home/constantin-sul/Desktop/Work/from-code-to-robot/robotics/Ros/Visualization/install/setup.sh'
[7.138s] INFO:colcon.colcon_core.shell:Creating prefix script '/home/constantin-sul/Desktop/Work/from-code-to-robot/robotics/Ros/Visualization/install/local_setup.bash'
[7.139s] INFO:colcon.colcon_core.shell:Creating prefix chain script '/home/constantin-sul/Desktop/Work/from-code-to-robot/robotics/Ros/Visualization/install/setup.bash'
[7.141s] INFO:colcon.colcon_core.shell:Creating prefix script '/home/constantin-sul/Desktop/Work/from-code-to-robot/robotics/Ros/Visualization/install/local_setup.zsh'
[7.143s] INFO:colcon.colcon_core.shell:Creating prefix chain script '/home/constantin-sul/Desktop/Work/from-code-to-robot/robotics/Ros/Visualization/install/setup.zsh'
