[0.501s] DEBUG:colcon:Command line arguments: ['/home/constanin/.matlab/R2025a/ros2/glnxa64/venv/bin/colcon', 'build', '--merge-install', '--cmake-args', '-DCMAKE_BUILD_TYPE=Release', '-DCMAKE_SHARED_LINKER_FLAGS=-Wl,-no-as-needed', '-DBUILD_TESTING=OFF', '-DALIAS_ROS2_TF2=1', '-DCMAKE_CXX_FLAGS_RELEASE=-O0', '-G', 'Ninja', '-DCMAKE_C_COMPILER=/usr/bin/gcc-12', '-DCMAKE_CXX_COMPILER=/usr/bin/g++-12']
[0.501s] DEBUG:colcon:Parsed command line arguments: Namespace(log_base=None, log_level=None, verb_name='build', build_base='build', install_base='install', merge_install=True, symlink_install=False, test_result_base=None, continue_on_error=False, executor='parallel', parallel_workers=12, event_handlers=None, ignore_user_meta=False, metas=['./colcon.meta'], base_paths=['.'], packages_ignore=None, packages_ignore_regex=None, paths=None, packages_up_to=None, packages_up_to_regex=None, packages_above=None, packages_above_and_dependencies=None, packages_above_depth=None, packages_select_by_dep=None, packages_skip_by_dep=None, packages_skip_up_to=None, packages_select_build_failed=False, packages_skip_build_finished=False, packages_select_test_failures=False, packages_skip_test_passed=False, packages_select=None, packages_skip=None, packages_select_regex=None, packages_skip_regex=None, packages_start=None, packages_end=None, cmake_args=['-DCMAKE_BUILD_TYPE=Release', '-DCMAKE_SHARED_LINKER_FLAGS=-Wl,-no-as-needed', '-DBUILD_TESTING=OFF', '-DALIAS_ROS2_TF2=1', '-DCMAKE_CXX_FLAGS_RELEASE=-O0', '-G', 'Ninja', '-DCMAKE_C_COMPILER=/usr/bin/gcc-12', '-DCMAKE_CXX_COMPILER=/usr/bin/g++-12'], cmake_target=None, cmake_target_skip_unavailable=False, cmake_clean_cache=False, cmake_clean_first=False, cmake_force_configure=False, ament_cmake_args=None, catkin_cmake_args=None, catkin_skip_building_tests=False, verb_parser=<colcon_defaults.argument_parser.defaults.DefaultArgumentsDecorator object at 0x7199e6de8e20>, verb_extension=<colcon_core.verb.build.BuildVerb object at 0x7199e6f2b700>, main=<bound method BuildVerb.main of <colcon_core.verb.build.BuildVerb object at 0x7199e6f2b700>>)
[0.562s] Level 1:colcon.colcon_core.package_discovery:discover_packages(colcon_meta) check parameters
[0.562s] Level 1:colcon.colcon_core.package_discovery:discover_packages(recursive) check parameters
[0.562s] Level 1:colcon.colcon_core.package_discovery:discover_packages(ignore) check parameters
[0.562s] Level 1:colcon.colcon_core.package_discovery:discover_packages(path) check parameters
[0.562s] Level 1:colcon.colcon_core.package_discovery:discover_packages(colcon_meta) discover
[0.562s] Level 1:colcon.colcon_core.package_discovery:discover_packages(recursive) discover
[0.562s] INFO:colcon.colcon_core.package_discovery:Crawling recursively for packages in '/home/constanin/ros2_ifaces/matlab_msg_gen/glnxa64'
[0.562s] Level 1:colcon.colcon_core.package_identification:_identify(.) by extensions ['ignore', 'ignore_ament_install']
[0.562s] Level 1:colcon.colcon_core.package_identification:_identify(.) by extension 'ignore'
[0.563s] Level 1:colcon.colcon_core.package_identification:_identify(.) by extension 'ignore_ament_install'
[0.563s] Level 1:colcon.colcon_core.package_identification:_identify(.) by extensions ['colcon_pkg']
[0.563s] Level 1:colcon.colcon_core.package_identification:_identify(.) by extension 'colcon_pkg'
[0.563s] Level 1:colcon.colcon_core.package_identification:_identify(.) by extensions ['colcon_meta']
[0.563s] Level 1:colcon.colcon_core.package_identification:_identify(.) by extension 'colcon_meta'
[0.563s] Level 1:colcon.colcon_core.package_identification:_identify(.) by extensions ['ros']
[0.563s] Level 1:colcon.colcon_core.package_identification:_identify(.) by extension 'ros'
[0.590s] Level 1:colcon.colcon_core.package_identification:_identify(.) by extensions ['cmake', 'python']
[0.590s] Level 1:colcon.colcon_core.package_identification:_identify(.) by extension 'cmake'
[0.590s] Level 1:colcon.colcon_core.package_identification:_identify(.) by extension 'python'
[0.590s] Level 1:colcon.colcon_core.package_identification:_identify(.) by extensions ['python_setup_py']
[0.590s] Level 1:colcon.colcon_core.package_identification:_identify(.) by extension 'python_setup_py'
[0.590s] Level 1:colcon.colcon_core.package_identification:_identify(build) by extensions ['ignore', 'ignore_ament_install']
[0.591s] Level 1:colcon.colcon_core.package_identification:_identify(build) by extension 'ignore'
[0.591s] Level 1:colcon.colcon_core.package_identification:_identify(build) ignored
[0.591s] Level 1:colcon.colcon_core.package_identification:_identify(install) by extensions ['ignore', 'ignore_ament_install']
[0.591s] Level 1:colcon.colcon_core.package_identification:_identify(install) by extension 'ignore'
[0.591s] Level 1:colcon.colcon_core.package_identification:_identify(install) ignored
[0.591s] Level 1:colcon.colcon_core.package_identification:_identify(log) by extensions ['ignore', 'ignore_ament_install']
[0.591s] Level 1:colcon.colcon_core.package_identification:_identify(log) by extension 'ignore'
[0.591s] Level 1:colcon.colcon_core.package_identification:_identify(log) ignored
[0.591s] Level 1:colcon.colcon_core.package_identification:_identify(src) by extensions ['ignore', 'ignore_ament_install']
[0.591s] Level 1:colcon.colcon_core.package_identification:_identify(src) by extension 'ignore'
[0.591s] Level 1:colcon.colcon_core.package_identification:_identify(src) by extension 'ignore_ament_install'
[0.591s] Level 1:colcon.colcon_core.package_identification:_identify(src) by extensions ['colcon_pkg']
[0.592s] Level 1:colcon.colcon_core.package_identification:_identify(src) by extension 'colcon_pkg'
[0.592s] Level 1:colcon.colcon_core.package_identification:_identify(src) by extensions ['colcon_meta']
[0.592s] Level 1:colcon.colcon_core.package_identification:_identify(src) by extension 'colcon_meta'
[0.592s] Level 1:colcon.colcon_core.package_identification:_identify(src) by extensions ['ros']
[0.592s] Level 1:colcon.colcon_core.package_identification:_identify(src) by extension 'ros'
[0.592s] Level 1:colcon.colcon_core.package_identification:_identify(src) by extensions ['cmake', 'python']
[0.592s] Level 1:colcon.colcon_core.package_identification:_identify(src) by extension 'cmake'
[0.592s] Level 1:colcon.colcon_core.package_identification:_identify(src) by extension 'python'
[0.592s] Level 1:colcon.colcon_core.package_identification:_identify(src) by extensions ['python_setup_py']
[0.592s] Level 1:colcon.colcon_core.package_identification:_identify(src) by extension 'python_setup_py'
[0.592s] Level 1:colcon.colcon_core.package_identification:_identify(src/ros_gz_interfaces) by extensions ['ignore', 'ignore_ament_install']
[0.592s] Level 1:colcon.colcon_core.package_identification:_identify(src/ros_gz_interfaces) by extension 'ignore'
[0.592s] Level 1:colcon.colcon_core.package_identification:_identify(src/ros_gz_interfaces) by extension 'ignore_ament_install'
[0.592s] Level 1:colcon.colcon_core.package_identification:_identify(src/ros_gz_interfaces) by extensions ['colcon_pkg']
[0.592s] Level 1:colcon.colcon_core.package_identification:_identify(src/ros_gz_interfaces) by extension 'colcon_pkg'
[0.592s] Level 1:colcon.colcon_core.package_identification:_identify(src/ros_gz_interfaces) by extensions ['colcon_meta']
[0.592s] Level 1:colcon.colcon_core.package_identification:_identify(src/ros_gz_interfaces) by extension 'colcon_meta'
[0.592s] Level 1:colcon.colcon_core.package_identification:_identify(src/ros_gz_interfaces) by extensions ['ros']
[0.592s] Level 1:colcon.colcon_core.package_identification:_identify(src/ros_gz_interfaces) by extension 'ros'
[0.596s] DEBUG:colcon.colcon_core.package_identification:Package 'src/ros_gz_interfaces' with type 'ros.ament_cmake' and name 'ros_gz_interfaces'
[0.596s] Level 1:colcon.colcon_core.package_discovery:discover_packages(recursive) using defaults
[0.596s] Level 1:colcon.colcon_core.package_discovery:discover_packages(ignore) discover
[0.596s] Level 1:colcon.colcon_core.package_discovery:discover_packages(ignore) using defaults
[0.596s] Level 1:colcon.colcon_core.package_discovery:discover_packages(path) discover
[0.596s] Level 1:colcon.colcon_core.package_discovery:discover_packages(path) using defaults
[0.657s] Level 5:colcon.colcon_core.verb:set package 'ros_gz_interfaces' build argument 'cmake_args' from command line to '['-DCMAKE_BUILD_TYPE=Release', '-DCMAKE_SHARED_LINKER_FLAGS=-Wl,-no-as-needed', '-DBUILD_TESTING=OFF', '-DALIAS_ROS2_TF2=1', '-DCMAKE_CXX_FLAGS_RELEASE=-O0', '-G', 'Ninja', '-DCMAKE_C_COMPILER=/usr/bin/gcc-12', '-DCMAKE_CXX_COMPILER=/usr/bin/g++-12']'
[0.657s] Level 5:colcon.colcon_core.verb:set package 'ros_gz_interfaces' build argument 'cmake_target' from command line to 'None'
[0.657s] Level 5:colcon.colcon_core.verb:set package 'ros_gz_interfaces' build argument 'cmake_target_skip_unavailable' from command line to 'False'
[0.657s] Level 5:colcon.colcon_core.verb:set package 'ros_gz_interfaces' build argument 'cmake_clean_cache' from command line to 'False'
[0.657s] Level 5:colcon.colcon_core.verb:set package 'ros_gz_interfaces' build argument 'cmake_clean_first' from command line to 'False'
[0.657s] Level 5:colcon.colcon_core.verb:set package 'ros_gz_interfaces' build argument 'cmake_force_configure' from command line to 'False'
[0.657s] Level 5:colcon.colcon_core.verb:set package 'ros_gz_interfaces' build argument 'ament_cmake_args' from command line to 'None'
[0.657s] Level 5:colcon.colcon_core.verb:set package 'ros_gz_interfaces' build argument 'catkin_cmake_args' from command line to 'None'
[0.657s] Level 5:colcon.colcon_core.verb:set package 'ros_gz_interfaces' build argument 'catkin_skip_building_tests' from command line to 'False'
[0.657s] DEBUG:colcon.colcon_core.verb:Building package 'ros_gz_interfaces' with the following arguments: {'ament_cmake_args': None, 'build_base': '/home/constanin/ros2_ifaces/matlab_msg_gen/glnxa64/build/ros_gz_interfaces', 'catkin_cmake_args': None, 'catkin_skip_building_tests': False, 'cmake_args': ['-DCMAKE_BUILD_TYPE=Release', '-DCMAKE_SHARED_LINKER_FLAGS=-Wl,-no-as-needed', '-DBUILD_TESTING=OFF', '-DALIAS_ROS2_TF2=1', '-DCMAKE_CXX_FLAGS_RELEASE=-O0', '-G', 'Ninja', '-DCMAKE_C_COMPILER=/usr/bin/gcc-12', '-DCMAKE_CXX_COMPILER=/usr/bin/g++-12'], 'cmake_clean_cache': False, 'cmake_clean_first': False, 'cmake_force_configure': False, 'cmake_target': None, 'cmake_target_skip_unavailable': False, 'install_base': '/home/constanin/ros2_ifaces/matlab_msg_gen/glnxa64/install', 'merge_install': True, 'path': '/home/constanin/ros2_ifaces/matlab_msg_gen/glnxa64/src/ros_gz_interfaces', 'symlink_install': False, 'test_result_base': None}
[0.659s] INFO:colcon.colcon_core.executor:Executing jobs using 'parallel' executor
[0.676s] DEBUG:colcon.colcon_parallel_executor.executor.parallel:run_until_complete
[0.676s] INFO:colcon.colcon_ros.task.ament_cmake.build:Building ROS package in '/home/constanin/ros2_ifaces/matlab_msg_gen/glnxa64/src/ros_gz_interfaces' with build type 'ament_cmake'
[0.677s] INFO:colcon.colcon_cmake.task.cmake.build:Building CMake package in '/home/constanin/ros2_ifaces/matlab_msg_gen/glnxa64/src/ros_gz_interfaces'
[0.689s] INFO:colcon.colcon_core.plugin_system:Skipping extension 'colcon_core.shell.bat': Not used on non-Windows systems
[0.689s] INFO:colcon.colcon_core.shell:Skip shell extension 'powershell' for command environment: Not usable outside of PowerShell
[0.689s] DEBUG:colcon.colcon_core.shell:Skip shell extension 'dsv' for command environment
[0.716s] DEBUG:colcon.colcon_core.event_handler.log_command:Invoking command in '/home/constanin/ros2_ifaces/matlab_msg_gen/glnxa64/build/ros_gz_interfaces': DEBUGINFOD_URLS=https://debuginfod.ubuntu.com PS1=(venv) VIRTUAL_ENV_PROMPT=(venv) /usr/local/MATLAB/R2025a/bin/glnxa64/cmake/bin/cmake --build /home/constanin/ros2_ifaces/matlab_msg_gen/glnxa64/build/ros_gz_interfaces -- -j12 -l12
[64.363s] DEBUG:colcon.colcon_core.event_handler.log_command:Invoked command in '/home/constanin/ros2_ifaces/matlab_msg_gen/glnxa64/build/ros_gz_interfaces' returned '0': DEBUGINFOD_URLS=https://debuginfod.ubuntu.com PS1=(venv) VIRTUAL_ENV_PROMPT=(venv) /usr/local/MATLAB/R2025a/bin/glnxa64/cmake/bin/cmake --build /home/constanin/ros2_ifaces/matlab_msg_gen/glnxa64/build/ros_gz_interfaces -- -j12 -l12
[64.389s] DEBUG:colcon.colcon_core.event_handler.log_command:Invoking command in '/home/constanin/ros2_ifaces/matlab_msg_gen/glnxa64/build/ros_gz_interfaces': DEBUGINFOD_URLS=https://debuginfod.ubuntu.com PS1=(venv) VIRTUAL_ENV_PROMPT=(venv) /usr/local/MATLAB/R2025a/bin/glnxa64/cmake/bin/cmake --install /home/constanin/ros2_ifaces/matlab_msg_gen/glnxa64/build/ros_gz_interfaces
[64.615s] Level 1:colcon.colcon_core.environment:create_environment_scripts_only(ros_gz_interfaces)
[64.617s] DEBUG:colcon.colcon_core.event_handler.log_command:Invoked command in '/home/constanin/ros2_ifaces/matlab_msg_gen/glnxa64/build/ros_gz_interfaces' returned '0': DEBUGINFOD_URLS=https://debuginfod.ubuntu.com PS1=(venv) VIRTUAL_ENV_PROMPT=(venv) /usr/local/MATLAB/R2025a/bin/glnxa64/cmake/bin/cmake --install /home/constanin/ros2_ifaces/matlab_msg_gen/glnxa64/build/ros_gz_interfaces
[64.627s] Level 1:colcon.colcon_core.environment:checking '/home/constanin/ros2_ifaces/matlab_msg_gen/glnxa64/install' for CMake module files
[64.628s] Level 1:colcon.colcon_core.environment:checking '/home/constanin/ros2_ifaces/matlab_msg_gen/glnxa64/install' for CMake config files
[64.628s] Level 1:colcon.colcon_core.shell:create_environment_hook('ros_gz_interfaces', 'cmake_prefix_path')
[64.635s] INFO:colcon.colcon_core.shell:Creating environment hook '/home/constanin/ros2_ifaces/matlab_msg_gen/glnxa64/install/share/ros_gz_interfaces/hook/cmake_prefix_path.ps1'
[64.636s] INFO:colcon.colcon_core.shell:Creating environment descriptor '/home/constanin/ros2_ifaces/matlab_msg_gen/glnxa64/install/share/ros_gz_interfaces/hook/cmake_prefix_path.dsv'
[64.637s] INFO:colcon.colcon_core.shell:Creating environment hook '/home/constanin/ros2_ifaces/matlab_msg_gen/glnxa64/install/share/ros_gz_interfaces/hook/cmake_prefix_path.sh'
[64.637s] Level 1:colcon.colcon_core.environment:checking '/home/constanin/ros2_ifaces/matlab_msg_gen/glnxa64/install/lib'
[64.638s] Level 1:colcon.colcon_core.shell:create_environment_hook('ros_gz_interfaces', 'ld_library_path_lib')
[64.644s] INFO:colcon.colcon_core.shell:Creating environment hook '/home/constanin/ros2_ifaces/matlab_msg_gen/glnxa64/install/share/ros_gz_interfaces/hook/ld_library_path_lib.ps1'
[64.644s] INFO:colcon.colcon_core.shell:Creating environment descriptor '/home/constanin/ros2_ifaces/matlab_msg_gen/glnxa64/install/share/ros_gz_interfaces/hook/ld_library_path_lib.dsv'
[64.644s] INFO:colcon.colcon_core.shell:Creating environment hook '/home/constanin/ros2_ifaces/matlab_msg_gen/glnxa64/install/share/ros_gz_interfaces/hook/ld_library_path_lib.sh'
[64.644s] Level 1:colcon.colcon_core.environment:checking '/home/constanin/ros2_ifaces/matlab_msg_gen/glnxa64/install/bin'
[64.644s] Level 1:colcon.colcon_core.environment:checking '/home/constanin/ros2_ifaces/matlab_msg_gen/glnxa64/install/lib/pkgconfig/ros_gz_interfaces.pc'
[64.646s] Level 1:colcon.colcon_core.environment:checking '/home/constanin/ros2_ifaces/matlab_msg_gen/glnxa64/install/lib/python3.10/site-packages'
[64.646s] Level 1:colcon.colcon_core.environment:checking '/home/constanin/ros2_ifaces/matlab_msg_gen/glnxa64/install/bin'
[64.654s] INFO:colcon.colcon_core.shell:Creating package script '/home/constanin/ros2_ifaces/matlab_msg_gen/glnxa64/install/share/ros_gz_interfaces/package.ps1'
[64.655s] INFO:colcon.colcon_core.shell:Creating package descriptor '/home/constanin/ros2_ifaces/matlab_msg_gen/glnxa64/install/share/ros_gz_interfaces/package.dsv'
[64.656s] INFO:colcon.colcon_core.shell:Creating package script '/home/constanin/ros2_ifaces/matlab_msg_gen/glnxa64/install/share/ros_gz_interfaces/package.sh'
[64.658s] INFO:colcon.colcon_core.shell:Creating package script '/home/constanin/ros2_ifaces/matlab_msg_gen/glnxa64/install/share/ros_gz_interfaces/package.bash'
[64.659s] INFO:colcon.colcon_core.shell:Creating package script '/home/constanin/ros2_ifaces/matlab_msg_gen/glnxa64/install/share/ros_gz_interfaces/package.zsh'
[64.660s] Level 1:colcon.colcon_core.environment:create_file_with_runtime_dependencies(/home/constanin/ros2_ifaces/matlab_msg_gen/glnxa64/install/share/colcon-core/packages/ros_gz_interfaces)
[64.720s] Level 1:colcon.colcon_core.environment:create_environment_scripts_only(ros_gz_interfaces)
[64.737s] Level 1:colcon.colcon_core.environment:checking '/home/constanin/ros2_ifaces/matlab_msg_gen/glnxa64/install' for CMake module files
[64.738s] Level 1:colcon.colcon_core.environment:checking '/home/constanin/ros2_ifaces/matlab_msg_gen/glnxa64/install' for CMake config files
[64.740s] Level 1:colcon.colcon_core.shell:create_environment_hook('ros_gz_interfaces', 'cmake_prefix_path')
[64.752s] INFO:colcon.colcon_core.shell:Creating environment hook '/home/constanin/ros2_ifaces/matlab_msg_gen/glnxa64/install/share/ros_gz_interfaces/hook/cmake_prefix_path.ps1'
[64.753s] INFO:colcon.colcon_core.shell:Creating environment descriptor '/home/constanin/ros2_ifaces/matlab_msg_gen/glnxa64/install/share/ros_gz_interfaces/hook/cmake_prefix_path.dsv'
[64.753s] INFO:colcon.colcon_core.shell:Creating environment hook '/home/constanin/ros2_ifaces/matlab_msg_gen/glnxa64/install/share/ros_gz_interfaces/hook/cmake_prefix_path.sh'
[64.754s] Level 1:colcon.colcon_core.environment:checking '/home/constanin/ros2_ifaces/matlab_msg_gen/glnxa64/install/lib'
[64.754s] Level 1:colcon.colcon_core.shell:create_environment_hook('ros_gz_interfaces', 'ld_library_path_lib')
[64.764s] INFO:colcon.colcon_core.shell:Creating environment hook '/home/constanin/ros2_ifaces/matlab_msg_gen/glnxa64/install/share/ros_gz_interfaces/hook/ld_library_path_lib.ps1'
[64.765s] INFO:colcon.colcon_core.shell:Creating environment descriptor '/home/constanin/ros2_ifaces/matlab_msg_gen/glnxa64/install/share/ros_gz_interfaces/hook/ld_library_path_lib.dsv'
[64.765s] INFO:colcon.colcon_core.shell:Creating environment hook '/home/constanin/ros2_ifaces/matlab_msg_gen/glnxa64/install/share/ros_gz_interfaces/hook/ld_library_path_lib.sh'
[64.766s] Level 1:colcon.colcon_core.environment:checking '/home/constanin/ros2_ifaces/matlab_msg_gen/glnxa64/install/bin'
[64.766s] Level 1:colcon.colcon_core.environment:checking '/home/constanin/ros2_ifaces/matlab_msg_gen/glnxa64/install/lib/pkgconfig/ros_gz_interfaces.pc'
[64.766s] Level 1:colcon.colcon_core.environment:checking '/home/constanin/ros2_ifaces/matlab_msg_gen/glnxa64/install/lib/python3.10/site-packages'
[64.766s] Level 1:colcon.colcon_core.environment:checking '/home/constanin/ros2_ifaces/matlab_msg_gen/glnxa64/install/bin'
[64.777s] INFO:colcon.colcon_core.shell:Creating package script '/home/constanin/ros2_ifaces/matlab_msg_gen/glnxa64/install/share/ros_gz_interfaces/package.ps1'
[64.778s] INFO:colcon.colcon_core.shell:Creating package descriptor '/home/constanin/ros2_ifaces/matlab_msg_gen/glnxa64/install/share/ros_gz_interfaces/package.dsv'
[64.778s] INFO:colcon.colcon_core.shell:Creating package script '/home/constanin/ros2_ifaces/matlab_msg_gen/glnxa64/install/share/ros_gz_interfaces/package.sh'
[64.779s] INFO:colcon.colcon_core.shell:Creating package script '/home/constanin/ros2_ifaces/matlab_msg_gen/glnxa64/install/share/ros_gz_interfaces/package.bash'
[64.779s] INFO:colcon.colcon_core.shell:Creating package script '/home/constanin/ros2_ifaces/matlab_msg_gen/glnxa64/install/share/ros_gz_interfaces/package.zsh'
[64.780s] Level 1:colcon.colcon_core.environment:create_file_with_runtime_dependencies(/home/constanin/ros2_ifaces/matlab_msg_gen/glnxa64/install/share/colcon-core/packages/ros_gz_interfaces)
[64.780s] DEBUG:colcon.colcon_parallel_executor.executor.parallel:closing loop
[64.780s] DEBUG:colcon.colcon_parallel_executor.executor.parallel:loop closed
[64.781s] DEBUG:colcon.colcon_parallel_executor.executor.parallel:run_until_complete finished with '0'
[64.781s] DEBUG:colcon.colcon_core.event_reactor:joining thread
[64.790s] INFO:colcon.colcon_core.plugin_system:Skipping extension 'colcon_notification.desktop_notification.notify2': 'notify2' not found
[64.791s] INFO:colcon.colcon_core.plugin_system:Skipping extension 'colcon_notification.desktop_notification.terminal_notifier': Not used on non-Darwin systems
[64.791s] INFO:colcon.colcon_core.plugin_system:Skipping extension 'colcon_notification.desktop_notification.win32': Not used on non-Windows systems
[64.791s] INFO:colcon.colcon_notification.desktop_notification:Sending desktop notification using 'notify_send'
[64.821s] DEBUG:colcon.colcon_core.event_reactor:joined thread
[64.829s] INFO:colcon.colcon_core.shell:Creating prefix script '/home/constanin/ros2_ifaces/matlab_msg_gen/glnxa64/install/local_setup.ps1'
[64.830s] INFO:colcon.colcon_core.shell:Creating prefix util module '/home/constanin/ros2_ifaces/matlab_msg_gen/glnxa64/install/_local_setup_util_ps1.py'
[64.831s] INFO:colcon.colcon_core.shell:Creating prefix chain script '/home/constanin/ros2_ifaces/matlab_msg_gen/glnxa64/install/setup.ps1'
[64.837s] INFO:colcon.colcon_core.shell:Creating prefix script '/home/constanin/ros2_ifaces/matlab_msg_gen/glnxa64/install/local_setup.sh'
[64.838s] INFO:colcon.colcon_core.shell:Creating prefix util module '/home/constanin/ros2_ifaces/matlab_msg_gen/glnxa64/install/_local_setup_util_sh.py'
[64.838s] INFO:colcon.colcon_core.shell:Creating prefix chain script '/home/constanin/ros2_ifaces/matlab_msg_gen/glnxa64/install/setup.sh'
[64.845s] INFO:colcon.colcon_core.shell:Creating prefix script '/home/constanin/ros2_ifaces/matlab_msg_gen/glnxa64/install/local_setup.bash'
[64.846s] INFO:colcon.colcon_core.shell:Creating prefix chain script '/home/constanin/ros2_ifaces/matlab_msg_gen/glnxa64/install/setup.bash'
[64.851s] INFO:colcon.colcon_core.shell:Creating prefix script '/home/constanin/ros2_ifaces/matlab_msg_gen/glnxa64/install/local_setup.zsh'
[64.852s] INFO:colcon.colcon_core.shell:Creating prefix chain script '/home/constanin/ros2_ifaces/matlab_msg_gen/glnxa64/install/setup.zsh'
