-- The C compiler identification is GNU 13.3.0
-- The CXX compiler identification is GNU 13.3.0
-- Detecting C compiler ABI info
-- Detecting C compiler ABI info - done
-- Check for working C compiler: /usr/bin/cc - skipped
-- Detecting C compile features
-- Detecting C compile features - done
-- Detecting CXX compiler ABI info
-- Detecting CXX compiler ABI info - done
-- Check for working CXX compiler: /usr/bin/c++ - skipped
-- Detecting CXX compile features
-- Detecting CXX compile features - done
-- Found ament_cmake: 2.5.3 (/opt/ros/jazzy/share/ament_cmake/cmake)
-- Found Python3: /usr/bin/python3 (found version "3.12.3") found components: Interpreter 
-- Found rclcpp: 28.1.8 (/opt/ros/jazzy/share/rclcpp/cmake)
-- Found rosidl_generator_c: 4.6.5 (/opt/ros/jazzy/share/rosidl_generator_c/cmake)
-- Found rosidl_generator_cpp: 4.6.5 (/opt/ros/jazzy/share/rosidl_generator_cpp/cmake)
-- Using all available rosidl_typesupport_c: rosidl_typesupport_fastrtps_c;rosidl_typesupport_introspection_c
-- Using all available rosidl_typesupport_cpp: rosidl_typesupport_fastrtps_cpp;rosidl_typesupport_introspection_cpp
-- Found rmw_implementation_cmake: 7.3.2 (/opt/ros/jazzy/share/rmw_implementation_cmake/cmake)
-- Found rmw_fastrtps_cpp: 8.4.2 (/opt/ros/jazzy/share/rmw_fastrtps_cpp/cmake)
-- Found OpenSSL: /usr/lib/x86_64-linux-gnu/libcrypto.so (found version "3.0.13")  
-- Found FastRTPS: /opt/ros/jazzy/include (Required is at least version "2.13") 
-- Using RMW implementation 'rmw_fastrtps_cpp' as default
-- Found std_msgs: 5.3.6 (/opt/ros/jazzy/share/std_msgs/cmake)
-- Found ament_lint_auto: 0.17.2 (/opt/ros/jazzy/share/ament_lint_auto/cmake)
-- Added test 'copyright' to check source files copyright and LICENSE
-- Added test 'flake8' to check Python code syntax and style conventions
-- Configured 'flake8' exclude dirs and/or files: 
-- Added test 'lint_cmake' to check CMake code style
-- Added test 'pep257' to check Python code against some of the docstring style conventions in PEP 257
-- Added test 'xmllint' to check XML markup files
-- Configuring done (2.8s)
-- Generating done (0.0s)
-- Build files have been written to: /home/constantin-sul/Desktop/Work/from-code-to-robot/robotics/Ros/Visualization/build/urdf_tutorial
-- Install configuration: ""
-- Installing: /home/constantin-sul/Desktop/Work/from-code-to-robot/robotics/Ros/Visualization/install/urdf_tutorial/share/urdf_tutorial/launch
-- Installing: /home/constantin-sul/Desktop/Work/from-code-to-robot/robotics/Ros/Visualization/install/urdf_tutorial/share/urdf_tutorial/launch/ur_visualization.launch.py
-- Installing: /home/constantin-sul/Desktop/Work/from-code-to-robot/robotics/Ros/Visualization/install/urdf_tutorial/share/urdf_tutorial/launch/pantilt_visualization.launch.py
-- Installing: /home/constantin-sul/Desktop/Work/from-code-to-robot/robotics/Ros/Visualization/install/urdf_tutorial/share/urdf_tutorial/config
-- Installing: /home/constantin-sul/Desktop/Work/from-code-to-robot/robotics/Ros/Visualization/install/urdf_tutorial/share/urdf_tutorial/config/pawn_marker.yaml
-- Installing: /home/constantin-sul/Desktop/Work/from-code-to-robot/robotics/Ros/Visualization/install/urdf_tutorial/share/urdf_tutorial/urdf
-- Installing: /home/constantin-sul/Desktop/Work/from-code-to-robot/robotics/Ros/Visualization/install/urdf_tutorial/share/urdf_tutorial/urdf/pan_tilt.xacro
-- Installing: /home/constantin-sul/Desktop/Work/from-code-to-robot/robotics/Ros/Visualization/install/urdf_tutorial/share/urdf_tutorial/urdf/pan_tilt.urdf
-- Installing: /home/constantin-sul/Desktop/Work/from-code-to-robot/robotics/Ros/Visualization/install/urdf_tutorial/share/urdf_tutorial/rviz
-- Installing: /home/constantin-sul/Desktop/Work/from-code-to-robot/robotics/Ros/Visualization/install/urdf_tutorial/share/urdf_tutorial/rviz/display_urdf.rviz
-- Installing: /home/constantin-sul/Desktop/Work/from-code-to-robot/robotics/Ros/Visualization/install/urdf_tutorial/share/urdf_tutorial/rviz/ur_visualization.rviz
-- Installing: /home/constantin-sul/Desktop/Work/from-code-to-robot/robotics/Ros/Visualization/install/urdf_tutorial/share/ament_index/resource_index/package_run_dependencies/urdf_tutorial
-- Installing: /home/constantin-sul/Desktop/Work/from-code-to-robot/robotics/Ros/Visualization/install/urdf_tutorial/share/ament_index/resource_index/parent_prefix_path/urdf_tutorial
-- Installing: /home/constantin-sul/Desktop/Work/from-code-to-robot/robotics/Ros/Visualization/install/urdf_tutorial/share/urdf_tutorial/environment/ament_prefix_path.sh
-- Installing: /home/constantin-sul/Desktop/Work/from-code-to-robot/robotics/Ros/Visualization/install/urdf_tutorial/share/urdf_tutorial/environment/ament_prefix_path.dsv
-- Installing: /home/constantin-sul/Desktop/Work/from-code-to-robot/robotics/Ros/Visualization/install/urdf_tutorial/share/urdf_tutorial/environment/path.sh
-- Installing: /home/constantin-sul/Desktop/Work/from-code-to-robot/robotics/Ros/Visualization/install/urdf_tutorial/share/urdf_tutorial/environment/path.dsv
-- Installing: /home/constantin-sul/Desktop/Work/from-code-to-robot/robotics/Ros/Visualization/install/urdf_tutorial/share/urdf_tutorial/local_setup.bash
-- Installing: /home/constantin-sul/Desktop/Work/from-code-to-robot/robotics/Ros/Visualization/install/urdf_tutorial/share/urdf_tutorial/local_setup.sh
-- Installing: /home/constantin-sul/Desktop/Work/from-code-to-robot/robotics/Ros/Visualization/install/urdf_tutorial/share/urdf_tutorial/local_setup.zsh
-- Installing: /home/constantin-sul/Desktop/Work/from-code-to-robot/robotics/Ros/Visualization/install/urdf_tutorial/share/urdf_tutorial/local_setup.dsv
-- Installing: /home/constantin-sul/Desktop/Work/from-code-to-robot/robotics/Ros/Visualization/install/urdf_tutorial/share/urdf_tutorial/package.dsv
-- Installing: /home/constantin-sul/Desktop/Work/from-code-to-robot/robotics/Ros/Visualization/install/urdf_tutorial/share/ament_index/resource_index/packages/urdf_tutorial
-- Installing: /home/constantin-sul/Desktop/Work/from-code-to-robot/robotics/Ros/Visualization/install/urdf_tutorial/share/urdf_tutorial/cmake/ament_cmake_export_dependencies-extras.cmake
-- Installing: /home/constantin-sul/Desktop/Work/from-code-to-robot/robotics/Ros/Visualization/install/urdf_tutorial/share/urdf_tutorial/cmake/urdf_tutorialConfig.cmake
-- Installing: /home/constantin-sul/Desktop/Work/from-code-to-robot/robotics/Ros/Visualization/install/urdf_tutorial/share/urdf_tutorial/cmake/urdf_tutorialConfig-version.cmake
-- Installing: /home/constantin-sul/Desktop/Work/from-code-to-robot/robotics/Ros/Visualization/install/urdf_tutorial/share/urdf_tutorial/package.xml
