[0.027s] Invoking command in '/home/constantin-sul/Desktop/Work/from-code-to-robot/robotics/Ros/Visualization/build/urdf_tutorial': AMENT_PREFIX_PATH=/home/constantin-sul/Desktop/Work/from-code-to-robot/robotics/Ros/Visualization/install/ur_description:${AMENT_PREFIX_PATH} CMAKE_PREFIX_PATH=/home/constantin-sul/Desktop/Work/from-code-to-robot/robotics/Ros/Visualization/install/ur_description:/home/constantin-sul/Desktop/Work/from-code-to-robot/robotics/Ros/RvizCode/install/urdf_tutorial:/home/constantin-sul/ros2_ws/install/upc_mrn:/opt/ros/jazzy/opt/gz_sim_vendor:/opt/ros/jazzy/opt/gz_sensors_vendor:/opt/ros/jazzy/opt/gz_physics_vendor:/opt/ros/jazzy/opt/sdformat_vendor:/opt/ros/jazzy/opt/gz_gui_vendor:/opt/ros/jazzy/opt/gz_transport_vendor:/opt/ros/jazzy/opt/gz_rendering_vendor:/opt/ros/jazzy/opt/gz_plugin_vendor:/opt/ros/jazzy/opt/gz_fuel_tools_vendor:/opt/ros/jazzy/opt/gz_msgs_vendor:/opt/ros/jazzy/opt/gz_common_vendor:/opt/ros/jazzy/opt/gz_math_vendor:/opt/ros/jazzy/opt/gz_utils_vendor:/opt/ros/jazzy/opt/gz_tools_vendor:/opt/ros/jazzy/opt/gz_ogre_next_vendor:/opt/ros/jazzy/opt/gz_dartsim_vendor:/opt/ros/jazzy/opt/gz_cmake_vendor:/opt/ros/jazzy DEBUGINFOD_URLS=https://debuginfod.ubuntu.com /usr/bin/cmake /home/constantin-sul/Desktop/Work/from-code-to-robot/robotics/Ros/Visualization/src/urdf_tutorial -DCMAKE_INSTALL_PREFIX=/home/constantin-sul/Desktop/Work/from-code-to-robot/robotics/Ros/Visualization/install/urdf_tutorial
[0.207s] -- The C compiler identification is GNU 13.3.0
[0.406s] -- The CXX compiler identification is GNU 13.3.0
[0.455s] -- Detecting C compiler ABI info
[0.741s] -- Detecting C compiler ABI info - done
[0.774s] -- Check for working C compiler: /usr/bin/cc - skipped
[0.774s] -- Detecting C compile features
[0.776s] -- Detecting C compile features - done
[0.809s] -- Detecting CXX compiler ABI info
[1.122s] -- Detecting CXX compiler ABI info - done
[1.153s] -- Check for working CXX compiler: /usr/bin/c++ - skipped
[1.154s] -- Detecting CXX compile features
[1.155s] -- Detecting CXX compile features - done
[1.171s] -- Found ament_cmake: 2.5.3 (/opt/ros/jazzy/share/ament_cmake/cmake)
[1.676s] -- Found Python3: /usr/bin/python3 (found version "3.12.3") found components: Interpreter 
[1.976s] -- Found rclcpp: 28.1.8 (/opt/ros/jazzy/share/rclcpp/cmake)
[2.060s] -- Found rosidl_generator_c: 4.6.5 (/opt/ros/jazzy/share/rosidl_generator_c/cmake)
[2.089s] -- Found rosidl_generator_cpp: 4.6.5 (/opt/ros/jazzy/share/rosidl_generator_cpp/cmake)
[2.121s] -- Using all available rosidl_typesupport_c: rosidl_typesupport_fastrtps_c;rosidl_typesupport_introspection_c
[2.156s] -- Using all available rosidl_typesupport_cpp: rosidl_typesupport_fastrtps_cpp;rosidl_typesupport_introspection_cpp
[2.258s] -- Found rmw_implementation_cmake: 7.3.2 (/opt/ros/jazzy/share/rmw_implementation_cmake/cmake)
[2.263s] -- Found rmw_fastrtps_cpp: 8.4.2 (/opt/ros/jazzy/share/rmw_fastrtps_cpp/cmake)
[2.356s] -- Found OpenSSL: /usr/lib/x86_64-linux-gnu/libcrypto.so (found version "3.0.13")  
[2.384s] -- Found FastRTPS: /opt/ros/jazzy/include (Required is at least version "2.13") 
[2.424s] -- Using RMW implementation 'rmw_fastrtps_cpp' as default
[2.582s] -- Found std_msgs: 5.3.6 (/opt/ros/jazzy/share/std_msgs/cmake)
[2.605s] -- Found ament_lint_auto: 0.17.2 (/opt/ros/jazzy/share/ament_lint_auto/cmake)
[2.853s] -- Added test 'copyright' to check source files copyright and LICENSE
[2.861s] -- Added test 'flake8' to check Python code syntax and style conventions
[2.861s] -- Configured 'flake8' exclude dirs and/or files: 
[2.863s] -- Added test 'lint_cmake' to check CMake code style
[2.866s] -- Added test 'pep257' to check Python code against some of the docstring style conventions in PEP 257
[2.870s] -- Added test 'xmllint' to check XML markup files
[2.877s] -- Configuring done (2.8s)
[2.889s] -- Generating done (0.0s)
[2.896s] -- Build files have been written to: /home/constantin-sul/Desktop/Work/from-code-to-robot/robotics/Ros/Visualization/build/urdf_tutorial
[2.915s] Invoked command in '/home/constantin-sul/Desktop/Work/from-code-to-robot/robotics/Ros/Visualization/build/urdf_tutorial' returned '0': AMENT_PREFIX_PATH=/home/constantin-sul/Desktop/Work/from-code-to-robot/robotics/Ros/Visualization/install/ur_description:${AMENT_PREFIX_PATH} CMAKE_PREFIX_PATH=/home/constantin-sul/Desktop/Work/from-code-to-robot/robotics/Ros/Visualization/install/ur_description:/home/constantin-sul/Desktop/Work/from-code-to-robot/robotics/Ros/RvizCode/install/urdf_tutorial:/home/constantin-sul/ros2_ws/install/upc_mrn:/opt/ros/jazzy/opt/gz_sim_vendor:/opt/ros/jazzy/opt/gz_sensors_vendor:/opt/ros/jazzy/opt/gz_physics_vendor:/opt/ros/jazzy/opt/sdformat_vendor:/opt/ros/jazzy/opt/gz_gui_vendor:/opt/ros/jazzy/opt/gz_transport_vendor:/opt/ros/jazzy/opt/gz_rendering_vendor:/opt/ros/jazzy/opt/gz_plugin_vendor:/opt/ros/jazzy/opt/gz_fuel_tools_vendor:/opt/ros/jazzy/opt/gz_msgs_vendor:/opt/ros/jazzy/opt/gz_common_vendor:/opt/ros/jazzy/opt/gz_math_vendor:/opt/ros/jazzy/opt/gz_utils_vendor:/opt/ros/jazzy/opt/gz_tools_vendor:/opt/ros/jazzy/opt/gz_ogre_next_vendor:/opt/ros/jazzy/opt/gz_dartsim_vendor:/opt/ros/jazzy/opt/gz_cmake_vendor:/opt/ros/jazzy DEBUGINFOD_URLS=https://debuginfod.ubuntu.com /usr/bin/cmake /home/constantin-sul/Desktop/Work/from-code-to-robot/robotics/Ros/Visualization/src/urdf_tutorial -DCMAKE_INSTALL_PREFIX=/home/constantin-sul/Desktop/Work/from-code-to-robot/robotics/Ros/Visualization/install/urdf_tutorial
[2.917s] Invoking command in '/home/constantin-sul/Desktop/Work/from-code-to-robot/robotics/Ros/Visualization/build/urdf_tutorial': AMENT_PREFIX_PATH=/home/constantin-sul/Desktop/Work/from-code-to-robot/robotics/Ros/Visualization/install/ur_description:${AMENT_PREFIX_PATH} CMAKE_PREFIX_PATH=/home/constantin-sul/Desktop/Work/from-code-to-robot/robotics/Ros/Visualization/install/ur_description:/home/constantin-sul/Desktop/Work/from-code-to-robot/robotics/Ros/RvizCode/install/urdf_tutorial:/home/constantin-sul/ros2_ws/install/upc_mrn:/opt/ros/jazzy/opt/gz_sim_vendor:/opt/ros/jazzy/opt/gz_sensors_vendor:/opt/ros/jazzy/opt/gz_physics_vendor:/opt/ros/jazzy/opt/sdformat_vendor:/opt/ros/jazzy/opt/gz_gui_vendor:/opt/ros/jazzy/opt/gz_transport_vendor:/opt/ros/jazzy/opt/gz_rendering_vendor:/opt/ros/jazzy/opt/gz_plugin_vendor:/opt/ros/jazzy/opt/gz_fuel_tools_vendor:/opt/ros/jazzy/opt/gz_msgs_vendor:/opt/ros/jazzy/opt/gz_common_vendor:/opt/ros/jazzy/opt/gz_math_vendor:/opt/ros/jazzy/opt/gz_utils_vendor:/opt/ros/jazzy/opt/gz_tools_vendor:/opt/ros/jazzy/opt/gz_ogre_next_vendor:/opt/ros/jazzy/opt/gz_dartsim_vendor:/opt/ros/jazzy/opt/gz_cmake_vendor:/opt/ros/jazzy DEBUGINFOD_URLS=https://debuginfod.ubuntu.com /usr/bin/cmake --build /home/constantin-sul/Desktop/Work/from-code-to-robot/robotics/Ros/Visualization/build/urdf_tutorial -- -j12 -l12
[3.033s] Invoked command in '/home/constantin-sul/Desktop/Work/from-code-to-robot/robotics/Ros/Visualization/build/urdf_tutorial' returned '0': AMENT_PREFIX_PATH=/home/constantin-sul/Desktop/Work/from-code-to-robot/robotics/Ros/Visualization/install/ur_description:${AMENT_PREFIX_PATH} CMAKE_PREFIX_PATH=/home/constantin-sul/Desktop/Work/from-code-to-robot/robotics/Ros/Visualization/install/ur_description:/home/constantin-sul/Desktop/Work/from-code-to-robot/robotics/Ros/RvizCode/install/urdf_tutorial:/home/constantin-sul/ros2_ws/install/upc_mrn:/opt/ros/jazzy/opt/gz_sim_vendor:/opt/ros/jazzy/opt/gz_sensors_vendor:/opt/ros/jazzy/opt/gz_physics_vendor:/opt/ros/jazzy/opt/sdformat_vendor:/opt/ros/jazzy/opt/gz_gui_vendor:/opt/ros/jazzy/opt/gz_transport_vendor:/opt/ros/jazzy/opt/gz_rendering_vendor:/opt/ros/jazzy/opt/gz_plugin_vendor:/opt/ros/jazzy/opt/gz_fuel_tools_vendor:/opt/ros/jazzy/opt/gz_msgs_vendor:/opt/ros/jazzy/opt/gz_common_vendor:/opt/ros/jazzy/opt/gz_math_vendor:/opt/ros/jazzy/opt/gz_utils_vendor:/opt/ros/jazzy/opt/gz_tools_vendor:/opt/ros/jazzy/opt/gz_ogre_next_vendor:/opt/ros/jazzy/opt/gz_dartsim_vendor:/opt/ros/jazzy/opt/gz_cmake_vendor:/opt/ros/jazzy DEBUGINFOD_URLS=https://debuginfod.ubuntu.com /usr/bin/cmake --build /home/constantin-sul/Desktop/Work/from-code-to-robot/robotics/Ros/Visualization/build/urdf_tutorial -- -j12 -l12
[3.036s] Invoking command in '/home/constantin-sul/Desktop/Work/from-code-to-robot/robotics/Ros/Visualization/build/urdf_tutorial': AMENT_PREFIX_PATH=/home/constantin-sul/Desktop/Work/from-code-to-robot/robotics/Ros/Visualization/install/ur_description:${AMENT_PREFIX_PATH} CMAKE_PREFIX_PATH=/home/constantin-sul/Desktop/Work/from-code-to-robot/robotics/Ros/Visualization/install/ur_description:/home/constantin-sul/Desktop/Work/from-code-to-robot/robotics/Ros/RvizCode/install/urdf_tutorial:/home/constantin-sul/ros2_ws/install/upc_mrn:/opt/ros/jazzy/opt/gz_sim_vendor:/opt/ros/jazzy/opt/gz_sensors_vendor:/opt/ros/jazzy/opt/gz_physics_vendor:/opt/ros/jazzy/opt/sdformat_vendor:/opt/ros/jazzy/opt/gz_gui_vendor:/opt/ros/jazzy/opt/gz_transport_vendor:/opt/ros/jazzy/opt/gz_rendering_vendor:/opt/ros/jazzy/opt/gz_plugin_vendor:/opt/ros/jazzy/opt/gz_fuel_tools_vendor:/opt/ros/jazzy/opt/gz_msgs_vendor:/opt/ros/jazzy/opt/gz_common_vendor:/opt/ros/jazzy/opt/gz_math_vendor:/opt/ros/jazzy/opt/gz_utils_vendor:/opt/ros/jazzy/opt/gz_tools_vendor:/opt/ros/jazzy/opt/gz_ogre_next_vendor:/opt/ros/jazzy/opt/gz_dartsim_vendor:/opt/ros/jazzy/opt/gz_cmake_vendor:/opt/ros/jazzy DEBUGINFOD_URLS=https://debuginfod.ubuntu.com /usr/bin/cmake --install /home/constantin-sul/Desktop/Work/from-code-to-robot/robotics/Ros/Visualization/build/urdf_tutorial
[3.059s] -- Install configuration: ""
[3.059s] -- Installing: /home/constantin-sul/Desktop/Work/from-code-to-robot/robotics/Ros/Visualization/install/urdf_tutorial/share/urdf_tutorial/launch
[3.060s] -- Installing: /home/constantin-sul/Desktop/Work/from-code-to-robot/robotics/Ros/Visualization/install/urdf_tutorial/share/urdf_tutorial/launch/ur_visualization.launch.py
[3.060s] -- Installing: /home/constantin-sul/Desktop/Work/from-code-to-robot/robotics/Ros/Visualization/install/urdf_tutorial/share/urdf_tutorial/launch/pantilt_visualization.launch.py
[3.060s] -- Installing: /home/constantin-sul/Desktop/Work/from-code-to-robot/robotics/Ros/Visualization/install/urdf_tutorial/share/urdf_tutorial/config
[3.061s] -- Installing: /home/constantin-sul/Desktop/Work/from-code-to-robot/robotics/Ros/Visualization/install/urdf_tutorial/share/urdf_tutorial/config/pawn_marker.yaml
[3.061s] -- Installing: /home/constantin-sul/Desktop/Work/from-code-to-robot/robotics/Ros/Visualization/install/urdf_tutorial/share/urdf_tutorial/urdf
[3.061s] -- Installing: /home/constantin-sul/Desktop/Work/from-code-to-robot/robotics/Ros/Visualization/install/urdf_tutorial/share/urdf_tutorial/urdf/pan_tilt.xacro
[3.062s] -- Installing: /home/constantin-sul/Desktop/Work/from-code-to-robot/robotics/Ros/Visualization/install/urdf_tutorial/share/urdf_tutorial/urdf/pan_tilt.urdf
[3.062s] -- Installing: /home/constantin-sul/Desktop/Work/from-code-to-robot/robotics/Ros/Visualization/install/urdf_tutorial/share/urdf_tutorial/rviz
[3.062s] -- Installing: /home/constantin-sul/Desktop/Work/from-code-to-robot/robotics/Ros/Visualization/install/urdf_tutorial/share/urdf_tutorial/rviz/display_urdf.rviz
[3.063s] -- Installing: /home/constantin-sul/Desktop/Work/from-code-to-robot/robotics/Ros/Visualization/install/urdf_tutorial/share/urdf_tutorial/rviz/ur_visualization.rviz
[3.063s] -- Installing: /home/constantin-sul/Desktop/Work/from-code-to-robot/robotics/Ros/Visualization/install/urdf_tutorial/share/ament_index/resource_index/package_run_dependencies/urdf_tutorial
[3.063s] -- Installing: /home/constantin-sul/Desktop/Work/from-code-to-robot/robotics/Ros/Visualization/install/urdf_tutorial/share/ament_index/resource_index/parent_prefix_path/urdf_tutorial
[3.064s] -- Installing: /home/constantin-sul/Desktop/Work/from-code-to-robot/robotics/Ros/Visualization/install/urdf_tutorial/share/urdf_tutorial/environment/ament_prefix_path.sh
[3.064s] -- Installing: /home/constantin-sul/Desktop/Work/from-code-to-robot/robotics/Ros/Visualization/install/urdf_tutorial/share/urdf_tutorial/environment/ament_prefix_path.dsv
[3.065s] -- Installing: /home/constantin-sul/Desktop/Work/from-code-to-robot/robotics/Ros/Visualization/install/urdf_tutorial/share/urdf_tutorial/environment/path.sh
[3.065s] -- Installing: /home/constantin-sul/Desktop/Work/from-code-to-robot/robotics/Ros/Visualization/install/urdf_tutorial/share/urdf_tutorial/environment/path.dsv
[3.066s] -- Installing: /home/constantin-sul/Desktop/Work/from-code-to-robot/robotics/Ros/Visualization/install/urdf_tutorial/share/urdf_tutorial/local_setup.bash
[3.066s] -- Installing: /home/constantin-sul/Desktop/Work/from-code-to-robot/robotics/Ros/Visualization/install/urdf_tutorial/share/urdf_tutorial/local_setup.sh
[3.066s] -- Installing: /home/constantin-sul/Desktop/Work/from-code-to-robot/robotics/Ros/Visualization/install/urdf_tutorial/share/urdf_tutorial/local_setup.zsh
[3.067s] -- Installing: /home/constantin-sul/Desktop/Work/from-code-to-robot/robotics/Ros/Visualization/install/urdf_tutorial/share/urdf_tutorial/local_setup.dsv
[3.067s] -- Installing: /home/constantin-sul/Desktop/Work/from-code-to-robot/robotics/Ros/Visualization/install/urdf_tutorial/share/urdf_tutorial/package.dsv
[3.068s] -- Installing: /home/constantin-sul/Desktop/Work/from-code-to-robot/robotics/Ros/Visualization/install/urdf_tutorial/share/ament_index/resource_index/packages/urdf_tutorial
[3.069s] -- Installing: /home/constantin-sul/Desktop/Work/from-code-to-robot/robotics/Ros/Visualization/install/urdf_tutorial/share/urdf_tutorial/cmake/ament_cmake_export_dependencies-extras.cmake
[3.069s] -- Installing: /home/constantin-sul/Desktop/Work/from-code-to-robot/robotics/Ros/Visualization/install/urdf_tutorial/share/urdf_tutorial/cmake/urdf_tutorialConfig.cmake
[3.070s] -- Installing: /home/constantin-sul/Desktop/Work/from-code-to-robot/robotics/Ros/Visualization/install/urdf_tutorial/share/urdf_tutorial/cmake/urdf_tutorialConfig-version.cmake
[3.070s] -- Installing: /home/constantin-sul/Desktop/Work/from-code-to-robot/robotics/Ros/Visualization/install/urdf_tutorial/share/urdf_tutorial/package.xml
[3.075s] Invoked command in '/home/constantin-sul/Desktop/Work/from-code-to-robot/robotics/Ros/Visualization/build/urdf_tutorial' returned '0': AMENT_PREFIX_PATH=/home/constantin-sul/Desktop/Work/from-code-to-robot/robotics/Ros/Visualization/install/ur_description:${AMENT_PREFIX_PATH} CMAKE_PREFIX_PATH=/home/constantin-sul/Desktop/Work/from-code-to-robot/robotics/Ros/Visualization/install/ur_description:/home/constantin-sul/Desktop/Work/from-code-to-robot/robotics/Ros/RvizCode/install/urdf_tutorial:/home/constantin-sul/ros2_ws/install/upc_mrn:/opt/ros/jazzy/opt/gz_sim_vendor:/opt/ros/jazzy/opt/gz_sensors_vendor:/opt/ros/jazzy/opt/gz_physics_vendor:/opt/ros/jazzy/opt/sdformat_vendor:/opt/ros/jazzy/opt/gz_gui_vendor:/opt/ros/jazzy/opt/gz_transport_vendor:/opt/ros/jazzy/opt/gz_rendering_vendor:/opt/ros/jazzy/opt/gz_plugin_vendor:/opt/ros/jazzy/opt/gz_fuel_tools_vendor:/opt/ros/jazzy/opt/gz_msgs_vendor:/opt/ros/jazzy/opt/gz_common_vendor:/opt/ros/jazzy/opt/gz_math_vendor:/opt/ros/jazzy/opt/gz_utils_vendor:/opt/ros/jazzy/opt/gz_tools_vendor:/opt/ros/jazzy/opt/gz_ogre_next_vendor:/opt/ros/jazzy/opt/gz_dartsim_vendor:/opt/ros/jazzy/opt/gz_cmake_vendor:/opt/ros/jazzy DEBUGINFOD_URLS=https://debuginfod.ubuntu.com /usr/bin/cmake --install /home/constantin-sul/Desktop/Work/from-code-to-robot/robotics/Ros/Visualization/build/urdf_tutorial
